[2025-03-28T21:07:18.801+0000] {taskinstance.py:1979} INFO - Dependencies all met for dep_context=non-requeueable deps ti=<TaskInstance: etl_arsenalfc.extract scheduled__2024-07-09T00:00:00+00:00 [queued]>
[2025-03-28T21:07:18.816+0000] {taskinstance.py:1979} INFO - Dependencies all met for dep_context=requeueable deps ti=<TaskInstance: etl_arsenalfc.extract scheduled__2024-07-09T00:00:00+00:00 [queued]>
[2025-03-28T21:07:18.817+0000] {taskinstance.py:2193} INFO - Starting attempt 2 of 2
[2025-03-28T21:07:18.838+0000] {taskinstance.py:2217} INFO - Executing <Task(SparkSubmitOperator): extract> on 2024-07-09 00:00:00+00:00
[2025-03-28T21:07:18.847+0000] {standard_task_runner.py:60} INFO - Started process 1078 to run task
[2025-03-28T21:07:18.853+0000] {standard_task_runner.py:87} INFO - Running: ['***', 'tasks', 'run', 'etl_arsenalfc', 'extract', 'scheduled__2024-07-09T00:00:00+00:00', '--job-id', '254', '--raw', '--subdir', 'DAGS_FOLDER/ArsenalDag.py', '--cfg-path', '/tmp/tmp05kutfdd']
[2025-03-28T21:07:18.856+0000] {standard_task_runner.py:88} INFO - Job 254: Subtask extract
[2025-03-28T21:07:18.879+0000] {logging_mixin.py:188} WARNING - /home/***/.local/lib/python3.8/site-packages/***/settings.py:194 DeprecationWarning: The sql_alchemy_conn option in [core] has been moved to the sql_alchemy_conn option in [database] - the old setting has been used, but please update your config.
[2025-03-28T21:07:18.932+0000] {task_command.py:423} INFO - Running <TaskInstance: etl_arsenalfc.extract scheduled__2024-07-09T00:00:00+00:00 [running]> on host d87fcbd51e2e
[2025-03-28T21:07:19.053+0000] {taskinstance.py:2513} INFO - Exporting env vars: AIRFLOW_CTX_DAG_OWNER='***' AIRFLOW_CTX_DAG_ID='etl_arsenalfc' AIRFLOW_CTX_TASK_ID='extract' AIRFLOW_CTX_EXECUTION_DATE='2024-07-09T00:00:00+00:00' AIRFLOW_CTX_TRY_NUMBER='2' AIRFLOW_CTX_DAG_RUN_ID='scheduled__2024-07-09T00:00:00+00:00'
[2025-03-28T21:07:19.069+0000] {base.py:83} INFO - Using connection ID 'spark_conn' for task execution.
[2025-03-28T21:07:19.071+0000] {spark_submit.py:335} INFO - Spark-Submit cmd: spark-submit --master spark:7077 --jars /Drivers/SQL_Sever/jdbc/postgresql-42.7.3.jar --name arrow-spark /opt/spark/app/Extract.py
[2025-03-28T21:07:19.150+0000] {spark_submit.py:488} INFO - /home/***/.local/lib/python3.8/site-packages/pyspark/bin/load-spark-env.sh: line 68: ps: command not found
[2025-03-28T21:07:21.669+0000] {spark_submit.py:488} INFO - 25/03/28 21:07:21 WARN NativeCodeLoader: Unable to load native-hadoop library for your platform... using builtin-java classes where applicable
[2025-03-28T21:07:22.103+0000] {spark_submit.py:488} INFO - python3: can't open file '/opt/spark/app/Extract.py': [Errno 2] No such file or directory
[2025-03-28T21:07:22.118+0000] {spark_submit.py:488} INFO - 25/03/28 21:07:22 INFO ShutdownHookManager: Shutdown hook called
[2025-03-28T21:07:22.119+0000] {spark_submit.py:488} INFO - 25/03/28 21:07:22 INFO ShutdownHookManager: Deleting directory /tmp/spark-2da7b1a5-b6db-4e0a-8a52-3b62bea91dc6
[2025-03-28T21:07:22.194+0000] {taskinstance.py:2731} ERROR - Task failed with exception
Traceback (most recent call last):
  File "/home/airflow/.local/lib/python3.8/site-packages/airflow/models/taskinstance.py", line 444, in _execute_task
    result = _execute_callable(context=context, **execute_callable_kwargs)
  File "/home/airflow/.local/lib/python3.8/site-packages/airflow/models/taskinstance.py", line 414, in _execute_callable
    return execute_callable(context=context, **execute_callable_kwargs)
  File "/home/airflow/.local/lib/python3.8/site-packages/airflow/providers/apache/spark/operators/spark_submit.py", line 157, in execute
    self._hook.submit(self._application)
  File "/home/airflow/.local/lib/python3.8/site-packages/airflow/providers/apache/spark/hooks/spark_submit.py", line 419, in submit
    raise AirflowException(
airflow.exceptions.AirflowException: Cannot execute: spark-submit --master spark:7077 --jars /Drivers/SQL_Sever/jdbc/postgresql-42.7.3.jar --name arrow-spark /opt/spark/app/Extract.py. Error code is: 2.
[2025-03-28T21:07:22.198+0000] {taskinstance.py:1149} INFO - Marking task as FAILED. dag_id=etl_arsenalfc, task_id=extract, execution_date=20240709T000000, start_date=20250328T210718, end_date=20250328T210722
[2025-03-28T21:07:22.249+0000] {standard_task_runner.py:107} ERROR - Failed to execute job 254 for task extract (Cannot execute: spark-submit --master spark:7077 --jars /Drivers/SQL_Sever/jdbc/postgresql-42.7.3.jar --name arrow-spark /opt/spark/app/Extract.py. Error code is: 2.; 1078)
[2025-03-28T21:07:22.284+0000] {local_task_job_runner.py:234} INFO - Task exited with return code 1
[2025-03-28T21:07:22.310+0000] {taskinstance.py:3312} INFO - 0 downstream tasks scheduled from follow-on schedule check
