[2025-03-28T16:56:16.675+0000] {taskinstance.py:1979} INFO - Dependencies all met for dep_context=non-requeueable deps ti=<TaskInstance: etl_arsenalfc.extract manual__2025-03-28T16:56:15.349020+00:00 [queued]>
[2025-03-28T16:56:16.687+0000] {taskinstance.py:1979} INFO - Dependencies all met for dep_context=requeueable deps ti=<TaskInstance: etl_arsenalfc.extract manual__2025-03-28T16:56:15.349020+00:00 [queued]>
[2025-03-28T16:56:16.688+0000] {taskinstance.py:2193} INFO - Starting attempt 1 of 2
[2025-03-28T16:56:16.713+0000] {taskinstance.py:2217} INFO - Executing <Task(BashOperator): extract> on 2025-03-28 16:56:15.349020+00:00
[2025-03-28T16:56:16.722+0000] {standard_task_runner.py:60} INFO - Started process 267 to run task
[2025-03-28T16:56:16.725+0000] {standard_task_runner.py:87} INFO - Running: ['***', 'tasks', 'run', 'etl_arsenalfc', 'extract', 'manual__2025-03-28T16:56:15.349020+00:00', '--job-id', '17', '--raw', '--subdir', 'DAGS_FOLDER/ArsenalDag.py', '--cfg-path', '/tmp/tmp9k3j5b3s']
[2025-03-28T16:56:16.728+0000] {standard_task_runner.py:88} INFO - Job 17: Subtask extract
[2025-03-28T16:56:16.748+0000] {logging_mixin.py:188} WARNING - /home/***/.local/lib/python3.8/site-packages/***/settings.py:194 DeprecationWarning: The sql_alchemy_conn option in [core] has been moved to the sql_alchemy_conn option in [database] - the old setting has been used, but please update your config.
[2025-03-28T16:56:16.797+0000] {task_command.py:423} INFO - Running <TaskInstance: etl_arsenalfc.extract manual__2025-03-28T16:56:15.349020+00:00 [running]> on host d87fcbd51e2e
[2025-03-28T16:56:16.906+0000] {taskinstance.py:2513} INFO - Exporting env vars: AIRFLOW_CTX_DAG_OWNER='***' AIRFLOW_CTX_DAG_ID='etl_arsenalfc' AIRFLOW_CTX_TASK_ID='extract' AIRFLOW_CTX_EXECUTION_DATE='2025-03-28T16:56:15.349020+00:00' AIRFLOW_CTX_TRY_NUMBER='1' AIRFLOW_CTX_DAG_RUN_ID='manual__2025-03-28T16:56:15.349020+00:00'
[2025-03-28T16:56:16.908+0000] {subprocess.py:63} INFO - Tmp dir root location: /tmp
[2025-03-28T16:56:16.909+0000] {subprocess.py:75} INFO - Running command: ['/usr/bin/bash', '-c', 'spark-submit --jars /Drivers/SQL_Sever/jdbc/postgresql-42.7.3.jar /opt/***/spark/app/extract.py >> /opt/***/logs/extract.log 2>&1']
[2025-03-28T16:56:16.926+0000] {subprocess.py:86} INFO - Output:
[2025-03-28T16:56:19.525+0000] {subprocess.py:97} INFO - Command exited with return code 2
[2025-03-28T16:56:19.542+0000] {taskinstance.py:2731} ERROR - Task failed with exception
Traceback (most recent call last):
  File "/home/airflow/.local/lib/python3.8/site-packages/airflow/models/taskinstance.py", line 444, in _execute_task
    result = _execute_callable(context=context, **execute_callable_kwargs)
  File "/home/airflow/.local/lib/python3.8/site-packages/airflow/models/taskinstance.py", line 414, in _execute_callable
    return execute_callable(context=context, **execute_callable_kwargs)
  File "/home/airflow/.local/lib/python3.8/site-packages/airflow/operators/bash.py", line 212, in execute
    raise AirflowException(
airflow.exceptions.AirflowException: Bash command failed. The command returned a non-zero exit code 2.
[2025-03-28T16:56:19.546+0000] {taskinstance.py:1149} INFO - Marking task as UP_FOR_RETRY. dag_id=etl_arsenalfc, task_id=extract, execution_date=20250328T165615, start_date=20250328T165616, end_date=20250328T165619
[2025-03-28T16:56:19.566+0000] {standard_task_runner.py:107} ERROR - Failed to execute job 17 for task extract (Bash command failed. The command returned a non-zero exit code 2.; 267)
[2025-03-28T16:56:19.587+0000] {local_task_job_runner.py:234} INFO - Task exited with return code 1
[2025-03-28T16:56:19.611+0000] {taskinstance.py:3312} INFO - 0 downstream tasks scheduled from follow-on schedule check
