/home/airflow/.local/lib/python3.8/site-packages/pyspark/bin/load-spark-env.sh: line 68: ps: command not found
25/03/28 14:19:09 WARN NativeCodeLoader: Unable to load native-hadoop library for your platform... using builtin-java classes where applicable
python3: can't open file '/opt/airflow/spark/app/extract.py': [Errno 2] No such file or directory
25/03/28 14:19:09 INFO ShutdownHookManager: Shutdown hook called
25/03/28 14:19:09 INFO ShutdownHookManager: Deleting directory /tmp/spark-847cbcd0-4148-4dd3-9e57-a2acadf815a8
/home/airflow/.local/lib/python3.8/site-packages/pyspark/bin/load-spark-env.sh: line 68: ps: command not found
25/03/28 14:21:20 WARN NativeCodeLoader: Unable to load native-hadoop library for your platform... using builtin-java classes where applicable
python3: can't open file '/opt/airflow/spark/app/extract.py': [Errno 2] No such file or directory
25/03/28 14:21:21 INFO ShutdownHookManager: Shutdown hook called
25/03/28 14:21:21 INFO ShutdownHookManager: Deleting directory /tmp/spark-9fcbc3a8-e804-4fc0-879a-9ca6ee689563
/home/airflow/.local/lib/python3.8/site-packages/pyspark/bin/load-spark-env.sh: line 68: ps: command not found
25/03/28 16:50:00 WARN NativeCodeLoader: Unable to load native-hadoop library for your platform... using builtin-java classes where applicable
python3: can't open file '/opt/airflow/spark/app/extract.py': [Errno 2] No such file or directory
25/03/28 16:50:00 INFO ShutdownHookManager: Shutdown hook called
25/03/28 16:50:00 INFO ShutdownHookManager: Deleting directory /tmp/spark-43ec3304-8b83-4556-be8f-762b59a56f71
/home/airflow/.local/lib/python3.8/site-packages/pyspark/bin/load-spark-env.sh: line 68: ps: command not found
25/03/28 16:51:05 WARN NativeCodeLoader: Unable to load native-hadoop library for your platform... using builtin-java classes where applicable
python3: can't open file '/opt/airflow/spark/app/extract.py': [Errno 2] No such file or directory
25/03/28 16:51:06 INFO ShutdownHookManager: Shutdown hook called
25/03/28 16:51:06 INFO ShutdownHookManager: Deleting directory /tmp/spark-d7e2f165-f106-46aa-aadb-569b40a881e5
/home/airflow/.local/lib/python3.8/site-packages/pyspark/bin/load-spark-env.sh: line 68: ps: command not found
25/03/28 16:53:29 WARN NativeCodeLoader: Unable to load native-hadoop library for your platform... using builtin-java classes where applicable
python3: can't open file '/opt/airflow/spark/app/extract.py': [Errno 2] No such file or directory
25/03/28 16:53:29 INFO ShutdownHookManager: Shutdown hook called
25/03/28 16:53:29 INFO ShutdownHookManager: Deleting directory /tmp/spark-054eb6d3-4dc0-4c56-9c26-020f3af48c1d
/home/airflow/.local/lib/python3.8/site-packages/pyspark/bin/load-spark-env.sh: line 68: ps: command not found
25/03/28 16:56:08 WARN NativeCodeLoader: Unable to load native-hadoop library for your platform... using builtin-java classes where applicable
python3: can't open file '/opt/airflow/spark/app/extract.py': [Errno 2] No such file or directory
25/03/28 16:56:09 INFO ShutdownHookManager: Shutdown hook called
25/03/28 16:56:09 INFO ShutdownHookManager: Deleting directory /tmp/spark-5525bd1d-6db5-404d-af97-b1b37fa40044
/home/airflow/.local/lib/python3.8/site-packages/pyspark/bin/load-spark-env.sh: line 68: ps: command not found
25/03/28 16:56:19 WARN NativeCodeLoader: Unable to load native-hadoop library for your platform... using builtin-java classes where applicable
python3: can't open file '/opt/airflow/spark/app/extract.py': [Errno 2] No such file or directory
25/03/28 16:56:19 INFO ShutdownHookManager: Shutdown hook called
25/03/28 16:56:19 INFO ShutdownHookManager: Deleting directory /tmp/spark-ea944896-72a5-4ec3-b001-c1acba242359
/home/airflow/.local/lib/python3.8/site-packages/pyspark/bin/load-spark-env.sh: line 68: ps: command not found
25/03/28 16:58:32 WARN NativeCodeLoader: Unable to load native-hadoop library for your platform... using builtin-java classes where applicable
python3: can't open file '/opt/airflow/spark/app/extract.py': [Errno 2] No such file or directory
25/03/28 16:58:33 INFO ShutdownHookManager: Shutdown hook called
25/03/28 16:58:33 INFO ShutdownHookManager: Deleting directory /tmp/spark-577dd001-f4eb-4d53-a3b8-dcfafffe071c
/home/airflow/.local/lib/python3.8/site-packages/pyspark/bin/load-spark-env.sh: line 68: ps: command not found
25/03/28 17:01:22 WARN NativeCodeLoader: Unable to load native-hadoop library for your platform... using builtin-java classes where applicable
python3: can't open file '/opt/airflow/spark/app/extract.py': [Errno 2] No such file or directory
25/03/28 17:01:23 INFO ShutdownHookManager: Shutdown hook called
25/03/28 17:01:23 INFO ShutdownHookManager: Deleting directory /tmp/spark-884d65b6-6469-41cc-a356-3858b7996e1c
