[2025-03-28T19:54:29.953+0000] {taskinstance.py:1979} INFO - Dependencies all met for dep_context=non-requeueable deps ti=<TaskInstance: initDB.insertvalues manual__2025-03-28T19:54:28.821093+00:00 [queued]>
[2025-03-28T19:54:29.958+0000] {taskinstance.py:1979} INFO - Dependencies all met for dep_context=requeueable deps ti=<TaskInstance: initDB.insertvalues manual__2025-03-28T19:54:28.821093+00:00 [queued]>
[2025-03-28T19:54:29.958+0000] {taskinstance.py:2193} INFO - Starting attempt 1 of 1
[2025-03-28T19:54:29.967+0000] {taskinstance.py:2217} INFO - Executing <Task(PostgresOperator): insertvalues> on 2025-03-28 19:54:28.821093+00:00
[2025-03-28T19:54:29.972+0000] {standard_task_runner.py:60} INFO - Started process 1242 to run task
[2025-03-28T19:54:29.976+0000] {standard_task_runner.py:87} INFO - Running: ['***', 'tasks', 'run', 'initDB', 'insertvalues', 'manual__2025-03-28T19:54:28.821093+00:00', '--job-id', '30', '--raw', '--subdir', 'DAGS_FOLDER/ArsenalDag.py', '--cfg-path', '/tmp/tmpdw4hxrhd']
[2025-03-28T19:54:29.977+0000] {standard_task_runner.py:88} INFO - Job 30: Subtask insertvalues
[2025-03-28T19:54:29.988+0000] {logging_mixin.py:188} WARNING - /home/***/.local/lib/python3.8/site-packages/***/settings.py:194 DeprecationWarning: The sql_alchemy_conn option in [core] has been moved to the sql_alchemy_conn option in [database] - the old setting has been used, but please update your config.
[2025-03-28T19:54:30.010+0000] {task_command.py:423} INFO - Running <TaskInstance: initDB.insertvalues manual__2025-03-28T19:54:28.821093+00:00 [running]> on host d87fcbd51e2e
[2025-03-28T19:54:30.041+0000] {abstractoperator.py:707} ERROR - Exception rendering Jinja template for task 'insertvalues', field 'sql'. Template: '../insert.sql'
Traceback (most recent call last):
  File "/home/airflow/.local/lib/python3.8/site-packages/airflow/models/abstractoperator.py", line 699, in _do_render_template_fields
    rendered_content = self.render_template(
  File "/home/airflow/.local/lib/python3.8/site-packages/airflow/template/templater.py", line 171, in render_template
    template = jinja_env.get_template(value)
  File "/home/airflow/.local/lib/python3.8/site-packages/jinja2/environment.py", line 1010, in get_template
    return self._load_template(name, globals)
  File "/home/airflow/.local/lib/python3.8/site-packages/jinja2/environment.py", line 969, in _load_template
    template = self.loader.load(self, name, self.make_globals(globals))
  File "/home/airflow/.local/lib/python3.8/site-packages/jinja2/loaders.py", line 125, in load
    source, filename, uptodate = self.get_source(environment, name)
  File "/home/airflow/.local/lib/python3.8/site-packages/jinja2/loaders.py", line 194, in get_source
    pieces = split_template_path(template)
  File "/home/airflow/.local/lib/python3.8/site-packages/jinja2/loaders.py", line 35, in split_template_path
    raise TemplateNotFound(template)
jinja2.exceptions.TemplateNotFound: ../insert.sql
[2025-03-28T19:54:30.042+0000] {taskinstance.py:2731} ERROR - Task failed with exception
Traceback (most recent call last):
  File "/home/airflow/.local/lib/python3.8/site-packages/airflow/models/taskinstance.py", line 2360, in _run_raw_task
    self._execute_task_with_callbacks(context, test_mode, session=session)
  File "/home/airflow/.local/lib/python3.8/site-packages/airflow/models/taskinstance.py", line 2498, in _execute_task_with_callbacks
    task_orig = self.render_templates(context=context)
  File "/home/airflow/.local/lib/python3.8/site-packages/airflow/models/taskinstance.py", line 2910, in render_templates
    original_task.render_template_fields(context)
  File "/home/airflow/.local/lib/python3.8/site-packages/airflow/models/baseoperator.py", line 1241, in render_template_fields
    self._do_render_template_fields(self, self.template_fields, context, jinja_env, set())
  File "/home/airflow/.local/lib/python3.8/site-packages/airflow/utils/session.py", line 79, in wrapper
    return func(*args, session=session, **kwargs)
  File "/home/airflow/.local/lib/python3.8/site-packages/airflow/models/abstractoperator.py", line 699, in _do_render_template_fields
    rendered_content = self.render_template(
  File "/home/airflow/.local/lib/python3.8/site-packages/airflow/template/templater.py", line 171, in render_template
    template = jinja_env.get_template(value)
  File "/home/airflow/.local/lib/python3.8/site-packages/jinja2/environment.py", line 1010, in get_template
    return self._load_template(name, globals)
  File "/home/airflow/.local/lib/python3.8/site-packages/jinja2/environment.py", line 969, in _load_template
    template = self.loader.load(self, name, self.make_globals(globals))
  File "/home/airflow/.local/lib/python3.8/site-packages/jinja2/loaders.py", line 125, in load
    source, filename, uptodate = self.get_source(environment, name)
  File "/home/airflow/.local/lib/python3.8/site-packages/jinja2/loaders.py", line 194, in get_source
    pieces = split_template_path(template)
  File "/home/airflow/.local/lib/python3.8/site-packages/jinja2/loaders.py", line 35, in split_template_path
    raise TemplateNotFound(template)
jinja2.exceptions.TemplateNotFound: ../insert.sql
[2025-03-28T19:54:30.047+0000] {taskinstance.py:1149} INFO - Marking task as FAILED. dag_id=initDB, task_id=insertvalues, execution_date=20250328T195428, start_date=20250328T195429, end_date=20250328T195430
[2025-03-28T19:54:30.054+0000] {standard_task_runner.py:107} ERROR - Failed to execute job 30 for task insertvalues (../insert.sql; 1242)
[2025-03-28T19:54:30.066+0000] {local_task_job_runner.py:234} INFO - Task exited with return code 1
[2025-03-28T19:54:30.078+0000] {taskinstance.py:3312} INFO - 0 downstream tasks scheduled from follow-on schedule check
