[2025-03-28T20:56:51.626+0000] {taskinstance.py:1979} INFO - Dependencies all met for dep_context=non-requeueable deps ti=<TaskInstance: etl_arsenalfc.extract scheduled__2024-06-14T00:00:00+00:00 [queued]>
[2025-03-28T20:56:51.641+0000] {taskinstance.py:1979} INFO - Dependencies all met for dep_context=requeueable deps ti=<TaskInstance: etl_arsenalfc.extract scheduled__2024-06-14T00:00:00+00:00 [queued]>
[2025-03-28T20:56:51.642+0000] {taskinstance.py:2193} INFO - Starting attempt 2 of 2
[2025-03-28T20:56:51.763+0000] {taskinstance.py:2217} INFO - Executing <Task(SparkSubmitOperator): extract> on 2024-06-14 00:00:00+00:00
[2025-03-28T20:56:51.777+0000] {standard_task_runner.py:60} INFO - Started process 4435 to run task
[2025-03-28T20:56:51.782+0000] {standard_task_runner.py:87} INFO - Running: ['***', 'tasks', 'run', 'etl_arsenalfc', 'extract', 'scheduled__2024-06-14T00:00:00+00:00', '--job-id', '195', '--raw', '--subdir', 'DAGS_FOLDER/ArsenalDag.py', '--cfg-path', '/tmp/tmpspojdx82']
[2025-03-28T20:56:51.786+0000] {standard_task_runner.py:88} INFO - Job 195: Subtask extract
[2025-03-28T20:56:51.815+0000] {logging_mixin.py:188} WARNING - /home/***/.local/lib/python3.8/site-packages/***/settings.py:194 DeprecationWarning: The sql_alchemy_conn option in [core] has been moved to the sql_alchemy_conn option in [database] - the old setting has been used, but please update your config.
[2025-03-28T20:56:51.883+0000] {task_command.py:423} INFO - Running <TaskInstance: etl_arsenalfc.extract scheduled__2024-06-14T00:00:00+00:00 [running]> on host d87fcbd51e2e
[2025-03-28T20:56:52.035+0000] {taskinstance.py:2513} INFO - Exporting env vars: AIRFLOW_CTX_DAG_OWNER='***' AIRFLOW_CTX_DAG_ID='etl_arsenalfc' AIRFLOW_CTX_TASK_ID='extract' AIRFLOW_CTX_EXECUTION_DATE='2024-06-14T00:00:00+00:00' AIRFLOW_CTX_TRY_NUMBER='2' AIRFLOW_CTX_DAG_RUN_ID='scheduled__2024-06-14T00:00:00+00:00'
[2025-03-28T20:56:52.052+0000] {base.py:83} INFO - Using connection ID 'spark_conn' for task execution.
[2025-03-28T20:56:52.054+0000] {spark_submit.py:335} INFO - Spark-Submit cmd: spark-submit --master spark:7077 --jars /Drivers/SQL_Sever/jdbc/postgresql-42.7.3.jar --name arrow-spark /opt/spark/app/Extract.py
[2025-03-28T20:56:52.171+0000] {spark_submit.py:488} INFO - /home/***/.local/lib/python3.8/site-packages/pyspark/bin/load-spark-env.sh: line 68: ps: command not found
[2025-03-28T20:56:56.733+0000] {spark_submit.py:488} INFO - 25/03/28 20:56:56 WARN NativeCodeLoader: Unable to load native-hadoop library for your platform... using builtin-java classes where applicable
[2025-03-28T20:56:57.623+0000] {spark_submit.py:488} INFO - python3: can't open file '/opt/spark/app/Extract.py': [Errno 2] No such file or directory
[2025-03-28T20:56:57.655+0000] {spark_submit.py:488} INFO - 25/03/28 20:56:57 INFO ShutdownHookManager: Shutdown hook called
[2025-03-28T20:56:57.657+0000] {spark_submit.py:488} INFO - 25/03/28 20:56:57 INFO ShutdownHookManager: Deleting directory /tmp/spark-47cc2be8-f987-413d-a153-260d35ab1eba
[2025-03-28T20:56:57.806+0000] {taskinstance.py:2731} ERROR - Task failed with exception
Traceback (most recent call last):
  File "/home/airflow/.local/lib/python3.8/site-packages/airflow/models/taskinstance.py", line 444, in _execute_task
    result = _execute_callable(context=context, **execute_callable_kwargs)
  File "/home/airflow/.local/lib/python3.8/site-packages/airflow/models/taskinstance.py", line 414, in _execute_callable
    return execute_callable(context=context, **execute_callable_kwargs)
  File "/home/airflow/.local/lib/python3.8/site-packages/airflow/providers/apache/spark/operators/spark_submit.py", line 157, in execute
    self._hook.submit(self._application)
  File "/home/airflow/.local/lib/python3.8/site-packages/airflow/providers/apache/spark/hooks/spark_submit.py", line 419, in submit
    raise AirflowException(
airflow.exceptions.AirflowException: Cannot execute: spark-submit --master spark:7077 --jars /Drivers/SQL_Sever/jdbc/postgresql-42.7.3.jar --name arrow-spark /opt/spark/app/Extract.py. Error code is: 2.
[2025-03-28T20:56:57.812+0000] {taskinstance.py:1149} INFO - Marking task as FAILED. dag_id=etl_arsenalfc, task_id=extract, execution_date=20240614T000000, start_date=20250328T205651, end_date=20250328T205657
[2025-03-28T20:56:57.841+0000] {standard_task_runner.py:107} ERROR - Failed to execute job 195 for task extract (Cannot execute: spark-submit --master spark:7077 --jars /Drivers/SQL_Sever/jdbc/postgresql-42.7.3.jar --name arrow-spark /opt/spark/app/Extract.py. Error code is: 2.; 4435)
[2025-03-28T20:56:57.886+0000] {local_task_job_runner.py:234} INFO - Task exited with return code 1
[2025-03-28T20:56:57.942+0000] {taskinstance.py:3312} INFO - 0 downstream tasks scheduled from follow-on schedule check
