[2025-03-28T21:09:58.185+0000] {taskinstance.py:1979} INFO - Dependencies all met for dep_context=non-requeueable deps ti=<TaskInstance: etl_arsenalfc.extract __airflow_temporary_run_2025-03-28T21:09:57.360336+00:00__ [queued]>
[2025-03-28T21:09:58.197+0000] {taskinstance.py:1979} INFO - Dependencies all met for dep_context=requeueable deps ti=<TaskInstance: etl_arsenalfc.extract __airflow_temporary_run_2025-03-28T21:09:57.360336+00:00__ [queued]>
[2025-03-28T21:09:58.197+0000] {taskinstance.py:2193} INFO - Starting attempt 1 of 2
[2025-03-28T21:09:58.219+0000] {taskinstance.py:2217} INFO - Executing <Task(SparkSubmitOperator): extract> on 2025-03-28 21:09:57.360289+00:00
[2025-03-28T21:09:58.228+0000] {standard_task_runner.py:60} INFO - Started process 2489 to run task
[2025-03-28T21:09:58.233+0000] {standard_task_runner.py:87} INFO - Running: ['***', 'tasks', 'run', 'etl_arsenalfc', 'extract', '__***_temporary_run_2025-03-28T21:09:57.360336+00:00__', '--job-id', '267', '--raw', '--subdir', 'DAGS_FOLDER/ArsenalDag.py', '--cfg-path', '/tmp/tmplp2_967f']
[2025-03-28T21:09:58.235+0000] {standard_task_runner.py:88} INFO - Job 267: Subtask extract
[2025-03-28T21:09:58.257+0000] {logging_mixin.py:188} WARNING - /home/***/.local/lib/python3.8/site-packages/***/settings.py:194 DeprecationWarning: The sql_alchemy_conn option in [core] has been moved to the sql_alchemy_conn option in [database] - the old setting has been used, but please update your config.
[2025-03-28T21:09:58.306+0000] {task_command.py:423} INFO - Running <TaskInstance: etl_arsenalfc.extract __airflow_temporary_run_2025-03-28T21:09:57.360336+00:00__ [running]> on host d87fcbd51e2e
[2025-03-28T21:09:58.421+0000] {taskinstance.py:2513} INFO - Exporting env vars: AIRFLOW_CTX_DAG_OWNER='***' AIRFLOW_CTX_DAG_ID='etl_arsenalfc' AIRFLOW_CTX_TASK_ID='extract' AIRFLOW_CTX_EXECUTION_DATE='2025-03-28T21:09:57.360289+00:00' AIRFLOW_CTX_TRY_NUMBER='1' AIRFLOW_CTX_DAG_RUN_ID='__***_temporary_run_2025-03-28T21:09:57.360336+00:00__'
[2025-03-28T21:09:58.434+0000] {base.py:83} INFO - Using connection ID 'spark_conn' for task execution.
[2025-03-28T21:09:58.435+0000] {spark_submit.py:335} INFO - Spark-Submit cmd: spark-submit --master spark:7077 --jars /Drivers/SQL_Sever/jdbc/postgresql-42.7.3.jar --name arrow-spark /opt/***/spark/app/Extract.py
[2025-03-28T21:09:58.518+0000] {spark_submit.py:488} INFO - /home/***/.local/lib/python3.8/site-packages/pyspark/bin/load-spark-env.sh: line 68: ps: command not found
[2025-03-28T21:10:00.650+0000] {spark_submit.py:488} INFO - 25/03/28 21:10:00 WARN NativeCodeLoader: Unable to load native-hadoop library for your platform... using builtin-java classes where applicable
[2025-03-28T21:10:01.925+0000] {spark_submit.py:488} INFO - 25/03/28 21:10:01 INFO SparkContext: Running Spark version 3.5.5
[2025-03-28T21:10:01.926+0000] {spark_submit.py:488} INFO - 25/03/28 21:10:01 INFO SparkContext: OS info Linux, 6.8.0-55-generic, amd64
[2025-03-28T21:10:01.927+0000] {spark_submit.py:488} INFO - 25/03/28 21:10:01 INFO SparkContext: Java version 17.0.14
[2025-03-28T21:10:01.972+0000] {spark_submit.py:488} INFO - 25/03/28 21:10:01 INFO ResourceUtils: ==============================================================
[2025-03-28T21:10:01.972+0000] {spark_submit.py:488} INFO - 25/03/28 21:10:01 INFO ResourceUtils: No custom resources configured for spark.driver.
[2025-03-28T21:10:01.973+0000] {spark_submit.py:488} INFO - 25/03/28 21:10:01 INFO ResourceUtils: ==============================================================
[2025-03-28T21:10:01.974+0000] {spark_submit.py:488} INFO - 25/03/28 21:10:01 INFO SparkContext: Submitted application: Arsenal_ETL
[2025-03-28T21:10:02.005+0000] {spark_submit.py:488} INFO - 25/03/28 21:10:02 INFO ResourceProfile: Default ResourceProfile created, executor resources: Map(cores -> name: cores, amount: 1, script: , vendor: , memory -> name: memory, amount: 1024, script: , vendor: , offHeap -> name: offHeap, amount: 0, script: , vendor: ), task resources: Map(cpus -> name: cpus, amount: 1.0)
[2025-03-28T21:10:02.018+0000] {spark_submit.py:488} INFO - 25/03/28 21:10:02 INFO ResourceProfile: Limiting resource is cpu
[2025-03-28T21:10:02.020+0000] {spark_submit.py:488} INFO - 25/03/28 21:10:02 INFO ResourceProfileManager: Added ResourceProfile id: 0
[2025-03-28T21:10:02.101+0000] {spark_submit.py:488} INFO - 25/03/28 21:10:02 INFO SecurityManager: Changing view acls to: ***
[2025-03-28T21:10:02.102+0000] {spark_submit.py:488} INFO - 25/03/28 21:10:02 INFO SecurityManager: Changing modify acls to: ***
[2025-03-28T21:10:02.102+0000] {spark_submit.py:488} INFO - 25/03/28 21:10:02 INFO SecurityManager: Changing view acls groups to:
[2025-03-28T21:10:02.103+0000] {spark_submit.py:488} INFO - 25/03/28 21:10:02 INFO SecurityManager: Changing modify acls groups to:
[2025-03-28T21:10:02.104+0000] {spark_submit.py:488} INFO - 25/03/28 21:10:02 INFO SecurityManager: SecurityManager: authentication disabled; ui acls disabled; users with view permissions: ***; groups with view permissions: EMPTY; users with modify permissions: ***; groups with modify permissions: EMPTY
[2025-03-28T21:10:02.392+0000] {spark_submit.py:488} INFO - 25/03/28 21:10:02 INFO Utils: Successfully started service 'sparkDriver' on port 34771.
[2025-03-28T21:10:02.425+0000] {spark_submit.py:488} INFO - 25/03/28 21:10:02 INFO SparkEnv: Registering MapOutputTracker
[2025-03-28T21:10:02.465+0000] {spark_submit.py:488} INFO - 25/03/28 21:10:02 INFO SparkEnv: Registering BlockManagerMaster
[2025-03-28T21:10:02.485+0000] {spark_submit.py:488} INFO - 25/03/28 21:10:02 INFO BlockManagerMasterEndpoint: Using org.apache.spark.storage.DefaultTopologyMapper for getting topology information
[2025-03-28T21:10:02.485+0000] {spark_submit.py:488} INFO - 25/03/28 21:10:02 INFO BlockManagerMasterEndpoint: BlockManagerMasterEndpoint up
[2025-03-28T21:10:02.491+0000] {spark_submit.py:488} INFO - 25/03/28 21:10:02 INFO SparkEnv: Registering BlockManagerMasterHeartbeat
[2025-03-28T21:10:02.516+0000] {spark_submit.py:488} INFO - 25/03/28 21:10:02 INFO DiskBlockManager: Created local directory at /tmp/blockmgr-04aeb275-7c91-4bb7-af18-1cf5bf3edd5a
[2025-03-28T21:10:02.538+0000] {spark_submit.py:488} INFO - 25/03/28 21:10:02 INFO MemoryStore: MemoryStore started with capacity 434.4 MiB
[2025-03-28T21:10:02.564+0000] {spark_submit.py:488} INFO - 25/03/28 21:10:02 INFO SparkEnv: Registering OutputCommitCoordinator
[2025-03-28T21:10:02.709+0000] {spark_submit.py:488} INFO - 25/03/28 21:10:02 INFO JettyUtils: Start Jetty 0.0.0.0:4040 for SparkUI
[2025-03-28T21:10:02.782+0000] {spark_submit.py:488} INFO - 25/03/28 21:10:02 INFO Utils: Successfully started service 'SparkUI' on port 4040.
[2025-03-28T21:10:02.825+0000] {spark_submit.py:488} INFO - 25/03/28 21:10:02 INFO SparkContext: Added JAR /Drivers/SQL_Sever/jdbc/postgresql-42.7.3.jar at spark://d87fcbd51e2e:34771/jars/postgresql-42.7.3.jar with timestamp 1743196201915
[2025-03-28T21:10:02.842+0000] {spark_submit.py:488} INFO - 25/03/28 21:10:02 ERROR SparkContext: Error initializing SparkContext.
[2025-03-28T21:10:02.842+0000] {spark_submit.py:488} INFO - org.apache.spark.SparkException: Could not parse Master URL: 'spark:7077'
[2025-03-28T21:10:02.842+0000] {spark_submit.py:488} INFO - at org.apache.spark.SparkContext$.org$apache$spark$SparkContext$$createTaskScheduler(SparkContext.scala:3194)
[2025-03-28T21:10:02.843+0000] {spark_submit.py:488} INFO - at org.apache.spark.SparkContext.<init>(SparkContext.scala:577)
[2025-03-28T21:10:02.843+0000] {spark_submit.py:488} INFO - at org.apache.spark.api.java.JavaSparkContext.<init>(JavaSparkContext.scala:58)
[2025-03-28T21:10:02.843+0000] {spark_submit.py:488} INFO - at java.base/jdk.internal.reflect.NativeConstructorAccessorImpl.newInstance0(Native Method)
[2025-03-28T21:10:02.843+0000] {spark_submit.py:488} INFO - at java.base/jdk.internal.reflect.NativeConstructorAccessorImpl.newInstance(NativeConstructorAccessorImpl.java:77)
[2025-03-28T21:10:02.843+0000] {spark_submit.py:488} INFO - at java.base/jdk.internal.reflect.DelegatingConstructorAccessorImpl.newInstance(DelegatingConstructorAccessorImpl.java:45)
[2025-03-28T21:10:02.843+0000] {spark_submit.py:488} INFO - at java.base/java.lang.reflect.Constructor.newInstanceWithCaller(Constructor.java:500)
[2025-03-28T21:10:02.844+0000] {spark_submit.py:488} INFO - at java.base/java.lang.reflect.Constructor.newInstance(Constructor.java:481)
[2025-03-28T21:10:02.844+0000] {spark_submit.py:488} INFO - at py4j.reflection.MethodInvoker.invoke(MethodInvoker.java:247)
[2025-03-28T21:10:02.844+0000] {spark_submit.py:488} INFO - at py4j.reflection.ReflectionEngine.invoke(ReflectionEngine.java:374)
[2025-03-28T21:10:02.844+0000] {spark_submit.py:488} INFO - at py4j.Gateway.invoke(Gateway.java:238)
[2025-03-28T21:10:02.844+0000] {spark_submit.py:488} INFO - at py4j.commands.ConstructorCommand.invokeConstructor(ConstructorCommand.java:80)
[2025-03-28T21:10:02.844+0000] {spark_submit.py:488} INFO - at py4j.commands.ConstructorCommand.execute(ConstructorCommand.java:69)
[2025-03-28T21:10:02.845+0000] {spark_submit.py:488} INFO - at py4j.ClientServerConnection.waitForCommands(ClientServerConnection.java:182)
[2025-03-28T21:10:02.845+0000] {spark_submit.py:488} INFO - at py4j.ClientServerConnection.run(ClientServerConnection.java:106)
[2025-03-28T21:10:02.845+0000] {spark_submit.py:488} INFO - at java.base/java.lang.Thread.run(Thread.java:840)
[2025-03-28T21:10:02.845+0000] {spark_submit.py:488} INFO - 25/03/28 21:10:02 INFO SparkContext: SparkContext is stopping with exitCode 0.
[2025-03-28T21:10:02.855+0000] {spark_submit.py:488} INFO - 25/03/28 21:10:02 INFO SparkUI: Stopped Spark web UI at http://d87fcbd51e2e:4040
[2025-03-28T21:10:02.873+0000] {spark_submit.py:488} INFO - 25/03/28 21:10:02 INFO MapOutputTrackerMasterEndpoint: MapOutputTrackerMasterEndpoint stopped!
[2025-03-28T21:10:02.886+0000] {spark_submit.py:488} INFO - 25/03/28 21:10:02 INFO MemoryStore: MemoryStore cleared
[2025-03-28T21:10:02.886+0000] {spark_submit.py:488} INFO - 25/03/28 21:10:02 INFO BlockManager: BlockManager stopped
[2025-03-28T21:10:02.893+0000] {spark_submit.py:488} INFO - 25/03/28 21:10:02 INFO BlockManagerMaster: BlockManagerMaster stopped
[2025-03-28T21:10:02.894+0000] {spark_submit.py:488} INFO - 25/03/28 21:10:02 WARN MetricsSystem: Stopping a MetricsSystem that is not running
[2025-03-28T21:10:02.896+0000] {spark_submit.py:488} INFO - 25/03/28 21:10:02 INFO OutputCommitCoordinator$OutputCommitCoordinatorEndpoint: OutputCommitCoordinator stopped!
[2025-03-28T21:10:02.907+0000] {spark_submit.py:488} INFO - 25/03/28 21:10:02 INFO SparkContext: Successfully stopped SparkContext
[2025-03-28T21:10:02.908+0000] {spark_submit.py:488} INFO - Traceback (most recent call last):
[2025-03-28T21:10:02.908+0000] {spark_submit.py:488} INFO - File "/opt/***/spark/app/Extract.py", line 44, in <module>
[2025-03-28T21:10:02.908+0000] {spark_submit.py:488} INFO - main()
[2025-03-28T21:10:02.908+0000] {spark_submit.py:488} INFO - File "/opt/***/spark/app/Extract.py", line 26, in main
[2025-03-28T21:10:02.909+0000] {spark_submit.py:488} INFO - spark = create_spark_session()
[2025-03-28T21:10:02.909+0000] {spark_submit.py:488} INFO - File "/opt/***/spark/app/Extract.py", line 6, in create_spark_session
[2025-03-28T21:10:02.909+0000] {spark_submit.py:488} INFO - spark = SparkSession.builder \
[2025-03-28T21:10:02.909+0000] {spark_submit.py:488} INFO - File "/home/***/.local/lib/python3.8/site-packages/pyspark/python/lib/pyspark.zip/pyspark/sql/session.py", line 497, in getOrCreate
[2025-03-28T21:10:02.910+0000] {spark_submit.py:488} INFO - File "/home/***/.local/lib/python3.8/site-packages/pyspark/python/lib/pyspark.zip/pyspark/context.py", line 515, in getOrCreate
[2025-03-28T21:10:02.910+0000] {spark_submit.py:488} INFO - File "/home/***/.local/lib/python3.8/site-packages/pyspark/python/lib/pyspark.zip/pyspark/context.py", line 203, in __init__
[2025-03-28T21:10:02.910+0000] {spark_submit.py:488} INFO - File "/home/***/.local/lib/python3.8/site-packages/pyspark/python/lib/pyspark.zip/pyspark/context.py", line 296, in _do_init
[2025-03-28T21:10:02.910+0000] {spark_submit.py:488} INFO - File "/home/***/.local/lib/python3.8/site-packages/pyspark/python/lib/pyspark.zip/pyspark/context.py", line 421, in _initialize_context
[2025-03-28T21:10:02.910+0000] {spark_submit.py:488} INFO - File "/home/***/.local/lib/python3.8/site-packages/pyspark/python/lib/py4j-0.10.9.7-src.zip/py4j/java_gateway.py", line 1587, in __call__
[2025-03-28T21:10:02.911+0000] {spark_submit.py:488} INFO - File "/home/***/.local/lib/python3.8/site-packages/pyspark/python/lib/py4j-0.10.9.7-src.zip/py4j/protocol.py", line 326, in get_return_value
[2025-03-28T21:10:02.911+0000] {spark_submit.py:488} INFO - py4j.protocol.Py4JJavaError: An error occurred while calling None.org.apache.spark.api.java.JavaSparkContext.
[2025-03-28T21:10:02.911+0000] {spark_submit.py:488} INFO - : org.apache.spark.SparkException: Could not parse Master URL: 'spark:7077'
[2025-03-28T21:10:02.911+0000] {spark_submit.py:488} INFO - at org.apache.spark.SparkContext$.org$apache$spark$SparkContext$$createTaskScheduler(SparkContext.scala:3194)
[2025-03-28T21:10:02.911+0000] {spark_submit.py:488} INFO - at org.apache.spark.SparkContext.<init>(SparkContext.scala:577)
[2025-03-28T21:10:02.911+0000] {spark_submit.py:488} INFO - at org.apache.spark.api.java.JavaSparkContext.<init>(JavaSparkContext.scala:58)
[2025-03-28T21:10:02.911+0000] {spark_submit.py:488} INFO - at java.base/jdk.internal.reflect.NativeConstructorAccessorImpl.newInstance0(Native Method)
[2025-03-28T21:10:02.912+0000] {spark_submit.py:488} INFO - at java.base/jdk.internal.reflect.NativeConstructorAccessorImpl.newInstance(NativeConstructorAccessorImpl.java:77)
[2025-03-28T21:10:02.912+0000] {spark_submit.py:488} INFO - at java.base/jdk.internal.reflect.DelegatingConstructorAccessorImpl.newInstance(DelegatingConstructorAccessorImpl.java:45)
[2025-03-28T21:10:02.912+0000] {spark_submit.py:488} INFO - at java.base/java.lang.reflect.Constructor.newInstanceWithCaller(Constructor.java:500)
[2025-03-28T21:10:02.912+0000] {spark_submit.py:488} INFO - at java.base/java.lang.reflect.Constructor.newInstance(Constructor.java:481)
[2025-03-28T21:10:02.912+0000] {spark_submit.py:488} INFO - at py4j.reflection.MethodInvoker.invoke(MethodInvoker.java:247)
[2025-03-28T21:10:02.912+0000] {spark_submit.py:488} INFO - at py4j.reflection.ReflectionEngine.invoke(ReflectionEngine.java:374)
[2025-03-28T21:10:02.913+0000] {spark_submit.py:488} INFO - at py4j.Gateway.invoke(Gateway.java:238)
[2025-03-28T21:10:02.913+0000] {spark_submit.py:488} INFO - at py4j.commands.ConstructorCommand.invokeConstructor(ConstructorCommand.java:80)
[2025-03-28T21:10:02.913+0000] {spark_submit.py:488} INFO - at py4j.commands.ConstructorCommand.execute(ConstructorCommand.java:69)
[2025-03-28T21:10:02.913+0000] {spark_submit.py:488} INFO - at py4j.ClientServerConnection.waitForCommands(ClientServerConnection.java:182)
[2025-03-28T21:10:02.913+0000] {spark_submit.py:488} INFO - at py4j.ClientServerConnection.run(ClientServerConnection.java:106)
[2025-03-28T21:10:02.914+0000] {spark_submit.py:488} INFO - at java.base/java.lang.Thread.run(Thread.java:840)
[2025-03-28T21:10:02.914+0000] {spark_submit.py:488} INFO - 
[2025-03-28T21:10:02.947+0000] {spark_submit.py:488} INFO - 25/03/28 21:10:02 INFO ShutdownHookManager: Shutdown hook called
[2025-03-28T21:10:02.947+0000] {spark_submit.py:488} INFO - 25/03/28 21:10:02 INFO ShutdownHookManager: Deleting directory /tmp/spark-11673818-dec1-4d53-b27f-f8b265bc4f04
[2025-03-28T21:10:02.954+0000] {spark_submit.py:488} INFO - 25/03/28 21:10:02 INFO ShutdownHookManager: Deleting directory /tmp/spark-c3f5d475-8a25-4985-9505-ecea13f29d79
[2025-03-28T21:10:03.022+0000] {taskinstance.py:2731} ERROR - Task failed with exception
Traceback (most recent call last):
  File "/home/airflow/.local/lib/python3.8/site-packages/airflow/models/taskinstance.py", line 444, in _execute_task
    result = _execute_callable(context=context, **execute_callable_kwargs)
  File "/home/airflow/.local/lib/python3.8/site-packages/airflow/models/taskinstance.py", line 414, in _execute_callable
    return execute_callable(context=context, **execute_callable_kwargs)
  File "/home/airflow/.local/lib/python3.8/site-packages/airflow/providers/apache/spark/operators/spark_submit.py", line 157, in execute
    self._hook.submit(self._application)
  File "/home/airflow/.local/lib/python3.8/site-packages/airflow/providers/apache/spark/hooks/spark_submit.py", line 419, in submit
    raise AirflowException(
airflow.exceptions.AirflowException: Cannot execute: spark-submit --master spark:7077 --jars /Drivers/SQL_Sever/jdbc/postgresql-42.7.3.jar --name arrow-spark /opt/***/spark/app/Extract.py. Error code is: 1.
[2025-03-28T21:10:03.026+0000] {taskinstance.py:1149} INFO - Marking task as FAILED. dag_id=etl_arsenalfc, task_id=extract, execution_date=20250328T210957, start_date=20250328T210958, end_date=20250328T211003
[2025-03-28T21:10:03.039+0000] {standard_task_runner.py:107} ERROR - Failed to execute job 267 for task extract ((psycopg2.errors.ForeignKeyViolation) insert or update on table "task_fail" violates foreign key constraint "task_fail_ti_fkey"
DETAIL:  Key (dag_id, task_id, run_id, map_index)=(etl_arsenalfc, extract, __airflow_temporary_run_2025-03-28T21:09:57.360336+00:00__, -1) is not present in table "task_instance".

[SQL: INSERT INTO task_fail (task_id, dag_id, run_id, map_index, start_date, end_date, duration) VALUES (%(task_id)s, %(dag_id)s, %(run_id)s, %(map_index)s, %(start_date)s, %(end_date)s, %(duration)s) RETURNING task_fail.id]
[parameters: {'task_id': 'extract', 'dag_id': 'etl_arsenalfc', 'run_id': '__airflow_temporary_run_2025-03-28T21:09:57.360336+00:00__', 'map_index': -1, 'start_date': datetime.datetime(2025, 3, 28, 21, 9, 58, 186030, tzinfo=Timezone('UTC')), 'end_date': datetime.datetime(2025, 3, 28, 21, 10, 3, 25451, tzinfo=Timezone('UTC')), 'duration': 4}]
(Background on this error at: https://sqlalche.me/e/14/gkpj); 2489)
[2025-03-28T21:10:03.060+0000] {local_task_job_runner.py:234} INFO - Task exited with return code 1
