[2025-03-28T21:02:09.626+0000] {taskinstance.py:1979} INFO - Dependencies all met for dep_context=non-requeueable deps ti=<TaskInstance: etl_arsenalfc.extract scheduled__2024-07-09T00:00:00+00:00 [queued]>
[2025-03-28T21:02:09.639+0000] {taskinstance.py:1979} INFO - Dependencies all met for dep_context=requeueable deps ti=<TaskInstance: etl_arsenalfc.extract scheduled__2024-07-09T00:00:00+00:00 [queued]>
[2025-03-28T21:02:09.640+0000] {taskinstance.py:2193} INFO - Starting attempt 1 of 2
[2025-03-28T21:02:09.795+0000] {taskinstance.py:2217} INFO - Executing <Task(SparkSubmitOperator): extract> on 2024-07-09 00:00:00+00:00
[2025-03-28T21:02:09.808+0000] {standard_task_runner.py:60} INFO - Started process 7006 to run task
[2025-03-28T21:02:09.812+0000] {standard_task_runner.py:87} INFO - Running: ['***', 'tasks', 'run', 'etl_arsenalfc', 'extract', 'scheduled__2024-07-09T00:00:00+00:00', '--job-id', '225', '--raw', '--subdir', 'DAGS_FOLDER/ArsenalDag.py', '--cfg-path', '/tmp/tmptxj8yw_d']
[2025-03-28T21:02:09.815+0000] {standard_task_runner.py:88} INFO - Job 225: Subtask extract
[2025-03-28T21:02:09.838+0000] {logging_mixin.py:188} WARNING - /home/***/.local/lib/python3.8/site-packages/***/settings.py:194 DeprecationWarning: The sql_alchemy_conn option in [core] has been moved to the sql_alchemy_conn option in [database] - the old setting has been used, but please update your config.
[2025-03-28T21:02:09.895+0000] {task_command.py:423} INFO - Running <TaskInstance: etl_arsenalfc.extract scheduled__2024-07-09T00:00:00+00:00 [running]> on host d87fcbd51e2e
[2025-03-28T21:02:10.020+0000] {taskinstance.py:2513} INFO - Exporting env vars: AIRFLOW_CTX_DAG_OWNER='***' AIRFLOW_CTX_DAG_ID='etl_arsenalfc' AIRFLOW_CTX_TASK_ID='extract' AIRFLOW_CTX_EXECUTION_DATE='2024-07-09T00:00:00+00:00' AIRFLOW_CTX_TRY_NUMBER='1' AIRFLOW_CTX_DAG_RUN_ID='scheduled__2024-07-09T00:00:00+00:00'
[2025-03-28T21:02:10.037+0000] {base.py:83} INFO - Using connection ID 'spark_conn' for task execution.
[2025-03-28T21:02:10.039+0000] {spark_submit.py:335} INFO - Spark-Submit cmd: spark-submit --master spark:7077 --jars /Drivers/SQL_Sever/jdbc/postgresql-42.7.3.jar --name arrow-spark /opt/spark/app/Extract.py
[2025-03-28T21:02:10.136+0000] {spark_submit.py:488} INFO - /home/***/.local/lib/python3.8/site-packages/pyspark/bin/load-spark-env.sh: line 68: ps: command not found
[2025-03-28T21:02:16.294+0000] {spark_submit.py:488} INFO - 25/03/28 21:02:16 WARN NativeCodeLoader: Unable to load native-hadoop library for your platform... using builtin-java classes where applicable
[2025-03-28T21:02:17.220+0000] {spark_submit.py:488} INFO - python3: can't open file '/opt/spark/app/Extract.py': [Errno 2] No such file or directory
[2025-03-28T21:02:17.270+0000] {spark_submit.py:488} INFO - 25/03/28 21:02:17 INFO ShutdownHookManager: Shutdown hook called
[2025-03-28T21:02:17.271+0000] {spark_submit.py:488} INFO - 25/03/28 21:02:17 INFO ShutdownHookManager: Deleting directory /tmp/spark-2a7f6f2a-2383-47d8-9876-f69fb07370fb
[2025-03-28T21:02:17.376+0000] {taskinstance.py:2731} ERROR - Task failed with exception
Traceback (most recent call last):
  File "/home/airflow/.local/lib/python3.8/site-packages/airflow/models/taskinstance.py", line 444, in _execute_task
    result = _execute_callable(context=context, **execute_callable_kwargs)
  File "/home/airflow/.local/lib/python3.8/site-packages/airflow/models/taskinstance.py", line 414, in _execute_callable
    return execute_callable(context=context, **execute_callable_kwargs)
  File "/home/airflow/.local/lib/python3.8/site-packages/airflow/providers/apache/spark/operators/spark_submit.py", line 157, in execute
    self._hook.submit(self._application)
  File "/home/airflow/.local/lib/python3.8/site-packages/airflow/providers/apache/spark/hooks/spark_submit.py", line 419, in submit
    raise AirflowException(
airflow.exceptions.AirflowException: Cannot execute: spark-submit --master spark:7077 --jars /Drivers/SQL_Sever/jdbc/postgresql-42.7.3.jar --name arrow-spark /opt/spark/app/Extract.py. Error code is: 2.
[2025-03-28T21:02:17.384+0000] {taskinstance.py:1149} INFO - Marking task as UP_FOR_RETRY. dag_id=etl_arsenalfc, task_id=extract, execution_date=20240709T000000, start_date=20250328T210209, end_date=20250328T210217
[2025-03-28T21:02:17.420+0000] {standard_task_runner.py:107} ERROR - Failed to execute job 225 for task extract (Cannot execute: spark-submit --master spark:7077 --jars /Drivers/SQL_Sever/jdbc/postgresql-42.7.3.jar --name arrow-spark /opt/spark/app/Extract.py. Error code is: 2.; 7006)
[2025-03-28T21:02:17.457+0000] {local_task_job_runner.py:234} INFO - Task exited with return code 1
[2025-03-28T21:02:17.489+0000] {taskinstance.py:3312} INFO - 0 downstream tasks scheduled from follow-on schedule check
