[2025-03-28T19:53:00.247+0000] {taskinstance.py:1979} INFO - Dependencies all met for dep_context=non-requeueable deps ti=<TaskInstance: initDB.initdata manual__2025-03-28T19:52:59.891590+00:00 [queued]>
[2025-03-28T19:53:00.254+0000] {taskinstance.py:1979} INFO - Dependencies all met for dep_context=requeueable deps ti=<TaskInstance: initDB.initdata manual__2025-03-28T19:52:59.891590+00:00 [queued]>
[2025-03-28T19:53:00.254+0000] {taskinstance.py:2193} INFO - Starting attempt 1 of 1
[2025-03-28T19:53:00.264+0000] {taskinstance.py:2217} INFO - Executing <Task(PostgresOperator): initdata> on 2025-03-28 19:52:59.891590+00:00
[2025-03-28T19:53:00.271+0000] {standard_task_runner.py:60} INFO - Started process 1194 to run task
[2025-03-28T19:53:00.274+0000] {standard_task_runner.py:87} INFO - Running: ['***', 'tasks', 'run', 'initDB', 'initdata', 'manual__2025-03-28T19:52:59.891590+00:00', '--job-id', '28', '--raw', '--subdir', 'DAGS_FOLDER/ArsenalDag.py', '--cfg-path', '/tmp/tmpb2cojd_b']
[2025-03-28T19:53:00.276+0000] {standard_task_runner.py:88} INFO - Job 28: Subtask initdata
[2025-03-28T19:53:00.287+0000] {logging_mixin.py:188} WARNING - /home/***/.local/lib/python3.8/site-packages/***/settings.py:194 DeprecationWarning: The sql_alchemy_conn option in [core] has been moved to the sql_alchemy_conn option in [database] - the old setting has been used, but please update your config.
[2025-03-28T19:53:00.312+0000] {task_command.py:423} INFO - Running <TaskInstance: initDB.initdata manual__2025-03-28T19:52:59.891590+00:00 [running]> on host d87fcbd51e2e
[2025-03-28T19:53:00.374+0000] {taskinstance.py:2513} INFO - Exporting env vars: AIRFLOW_CTX_DAG_OWNER='***' AIRFLOW_CTX_DAG_ID='initDB' AIRFLOW_CTX_TASK_ID='initdata' AIRFLOW_CTX_EXECUTION_DATE='2025-03-28T19:52:59.891590+00:00' AIRFLOW_CTX_TRY_NUMBER='1' AIRFLOW_CTX_DAG_RUN_ID='manual__2025-03-28T19:52:59.891590+00:00'
[2025-03-28T19:53:00.375+0000] {sql.py:276} INFO - Executing: 
            create table ebemad(
                name varchar(50),
                id int
            );
        
[2025-03-28T19:53:00.382+0000] {base.py:83} INFO - Using connection ID '***_conn' for task execution.
[2025-03-28T19:53:00.391+0000] {base.py:83} INFO - Using connection ID '***_conn' for task execution.
[2025-03-28T19:53:00.396+0000] {sql.py:457} INFO - Running statement: 
            create table ebemad(
                name varchar(50),
                id int
            );
        , parameters: None
[2025-03-28T19:53:00.398+0000] {logging_mixin.py:188} WARNING - /home/***/.local/lib/python3.8/site-packages/***/providers/common/sql/hooks/sql.py:407 AirflowProviderDeprecationWarning: Call to deprecated method _make_common_data_structure. (The `_make_serializable` method is deprecated and support will be removed in a future version of the common.sql provider. Please update the DbApiHook's provider to a version based on common.sql >= 1.9.1.)
[2025-03-28T19:53:00.406+0000] {taskinstance.py:1149} INFO - Marking task as SUCCESS. dag_id=initDB, task_id=initdata, execution_date=20250328T195259, start_date=20250328T195300, end_date=20250328T195300
[2025-03-28T19:53:00.446+0000] {local_task_job_runner.py:234} INFO - Task exited with return code 0
[2025-03-28T19:53:00.459+0000] {taskinstance.py:3312} INFO - 0 downstream tasks scheduled from follow-on schedule check
