[2025-03-28T21:07:31.090+0000] {taskinstance.py:1979} INFO - Dependencies all met for dep_context=non-requeueable deps ti=<TaskInstance: etl_arsenalfc.extract __airflow_temporary_run_2025-03-28T21:07:30.371726+00:00__ [queued]>
[2025-03-28T21:07:31.102+0000] {taskinstance.py:1979} INFO - Dependencies all met for dep_context=requeueable deps ti=<TaskInstance: etl_arsenalfc.extract __airflow_temporary_run_2025-03-28T21:07:30.371726+00:00__ [queued]>
[2025-03-28T21:07:31.103+0000] {taskinstance.py:2193} INFO - Starting attempt 1 of 2
[2025-03-28T21:07:31.130+0000] {taskinstance.py:2217} INFO - Executing <Task(SparkSubmitOperator): extract> on 2025-03-28 21:07:30.371680+00:00
[2025-03-28T21:07:31.138+0000] {standard_task_runner.py:60} INFO - Started process 1429 to run task
[2025-03-28T21:07:31.143+0000] {standard_task_runner.py:87} INFO - Running: ['***', 'tasks', 'run', 'etl_arsenalfc', 'extract', '__***_temporary_run_2025-03-28T21:07:30.371726+00:00__', '--job-id', '257', '--raw', '--subdir', 'DAGS_FOLDER/ArsenalDag.py', '--cfg-path', '/tmp/tmpurlomi_6']
[2025-03-28T21:07:31.146+0000] {standard_task_runner.py:88} INFO - Job 257: Subtask extract
[2025-03-28T21:07:31.167+0000] {logging_mixin.py:188} WARNING - /home/***/.local/lib/python3.8/site-packages/***/settings.py:194 DeprecationWarning: The sql_alchemy_conn option in [core] has been moved to the sql_alchemy_conn option in [database] - the old setting has been used, but please update your config.
[2025-03-28T21:07:31.217+0000] {task_command.py:423} INFO - Running <TaskInstance: etl_arsenalfc.extract __airflow_temporary_run_2025-03-28T21:07:30.371726+00:00__ [running]> on host d87fcbd51e2e
[2025-03-28T21:07:31.328+0000] {taskinstance.py:2513} INFO - Exporting env vars: AIRFLOW_CTX_DAG_OWNER='***' AIRFLOW_CTX_DAG_ID='etl_arsenalfc' AIRFLOW_CTX_TASK_ID='extract' AIRFLOW_CTX_EXECUTION_DATE='2025-03-28T21:07:30.371680+00:00' AIRFLOW_CTX_TRY_NUMBER='1' AIRFLOW_CTX_DAG_RUN_ID='__***_temporary_run_2025-03-28T21:07:30.371726+00:00__'
[2025-03-28T21:07:31.341+0000] {base.py:83} INFO - Using connection ID 'spark_conn' for task execution.
[2025-03-28T21:07:31.342+0000] {spark_submit.py:335} INFO - Spark-Submit cmd: spark-submit --master spark:7077 --jars /Drivers/SQL_Sever/jdbc/postgresql-42.7.3.jar --name arrow-spark /opt/spark/app/Extract.py
[2025-03-28T21:07:31.423+0000] {spark_submit.py:488} INFO - /home/***/.local/lib/python3.8/site-packages/pyspark/bin/load-spark-env.sh: line 68: ps: command not found
[2025-03-28T21:07:33.592+0000] {spark_submit.py:488} INFO - 25/03/28 21:07:33 WARN NativeCodeLoader: Unable to load native-hadoop library for your platform... using builtin-java classes where applicable
[2025-03-28T21:07:33.937+0000] {spark_submit.py:488} INFO - python3: can't open file '/opt/spark/app/Extract.py': [Errno 2] No such file or directory
[2025-03-28T21:07:33.949+0000] {spark_submit.py:488} INFO - 25/03/28 21:07:33 INFO ShutdownHookManager: Shutdown hook called
[2025-03-28T21:07:33.950+0000] {spark_submit.py:488} INFO - 25/03/28 21:07:33 INFO ShutdownHookManager: Deleting directory /tmp/spark-56fab195-6691-43db-b1a5-e8403df8d733
[2025-03-28T21:07:34.024+0000] {taskinstance.py:2731} ERROR - Task failed with exception
Traceback (most recent call last):
  File "/home/airflow/.local/lib/python3.8/site-packages/airflow/models/taskinstance.py", line 444, in _execute_task
    result = _execute_callable(context=context, **execute_callable_kwargs)
  File "/home/airflow/.local/lib/python3.8/site-packages/airflow/models/taskinstance.py", line 414, in _execute_callable
    return execute_callable(context=context, **execute_callable_kwargs)
  File "/home/airflow/.local/lib/python3.8/site-packages/airflow/providers/apache/spark/operators/spark_submit.py", line 157, in execute
    self._hook.submit(self._application)
  File "/home/airflow/.local/lib/python3.8/site-packages/airflow/providers/apache/spark/hooks/spark_submit.py", line 419, in submit
    raise AirflowException(
airflow.exceptions.AirflowException: Cannot execute: spark-submit --master spark:7077 --jars /Drivers/SQL_Sever/jdbc/postgresql-42.7.3.jar --name arrow-spark /opt/spark/app/Extract.py. Error code is: 2.
[2025-03-28T21:07:34.028+0000] {taskinstance.py:1149} INFO - Marking task as FAILED. dag_id=etl_arsenalfc, task_id=extract, execution_date=20250328T210730, start_date=20250328T210731, end_date=20250328T210734
[2025-03-28T21:07:34.042+0000] {standard_task_runner.py:107} ERROR - Failed to execute job 257 for task extract ((psycopg2.errors.ForeignKeyViolation) insert or update on table "task_fail" violates foreign key constraint "task_fail_ti_fkey"
DETAIL:  Key (dag_id, task_id, run_id, map_index)=(etl_arsenalfc, extract, __airflow_temporary_run_2025-03-28T21:07:30.371726+00:00__, -1) is not present in table "task_instance".

[SQL: INSERT INTO task_fail (task_id, dag_id, run_id, map_index, start_date, end_date, duration) VALUES (%(task_id)s, %(dag_id)s, %(run_id)s, %(map_index)s, %(start_date)s, %(end_date)s, %(duration)s) RETURNING task_fail.id]
[parameters: {'task_id': 'extract', 'dag_id': 'etl_arsenalfc', 'run_id': '__airflow_temporary_run_2025-03-28T21:07:30.371726+00:00__', 'map_index': -1, 'start_date': datetime.datetime(2025, 3, 28, 21, 7, 31, 90685, tzinfo=Timezone('UTC')), 'end_date': datetime.datetime(2025, 3, 28, 21, 7, 34, 27226, tzinfo=Timezone('UTC')), 'duration': 2}]
(Background on this error at: https://sqlalche.me/e/14/gkpj); 1429)
[2025-03-28T21:07:34.084+0000] {local_task_job_runner.py:234} INFO - Task exited with return code 1
