[2025-03-29T08:38:58.776+0000] {processor.py:161} INFO - Started process (PID=177) to work on /opt/airflow/dags/ArsenalDag.py
[2025-03-29T08:38:58.776+0000] {processor.py:830} INFO - Processing file /opt/airflow/dags/ArsenalDag.py for tasks to queue
[2025-03-29T08:38:58.777+0000] {logging_mixin.py:188} INFO - [2025-03-29T08:38:58.777+0000] {dagbag.py:540} INFO - Filling up the DagBag from /opt/airflow/dags/ArsenalDag.py
[2025-03-29T08:38:58.788+0000] {processor.py:840} INFO - DAG(s) 'etl_arsenalfc' retrieved from /opt/airflow/dags/ArsenalDag.py
[2025-03-29T08:38:58.808+0000] {logging_mixin.py:188} INFO - [2025-03-29T08:38:58.808+0000] {dag.py:3047} INFO - Sync 1 DAGs
[2025-03-29T08:38:58.829+0000] {logging_mixin.py:188} INFO - [2025-03-29T08:38:58.829+0000] {dag.py:3834} INFO - Setting next_dagrun for etl_arsenalfc to 2024-07-24 00:00:00+00:00, run_after=2024-07-25 00:00:00+00:00
[2025-03-29T08:38:58.844+0000] {processor.py:183} INFO - Processing /opt/airflow/dags/ArsenalDag.py took 0.070 seconds
[2025-03-29T08:39:08.908+0000] {processor.py:161} INFO - Started process (PID=234) to work on /opt/airflow/dags/ArsenalDag.py
[2025-03-29T08:39:08.909+0000] {processor.py:830} INFO - Processing file /opt/airflow/dags/ArsenalDag.py for tasks to queue
[2025-03-29T08:39:08.911+0000] {logging_mixin.py:188} INFO - [2025-03-29T08:39:08.910+0000] {dagbag.py:540} INFO - Filling up the DagBag from /opt/airflow/dags/ArsenalDag.py
[2025-03-29T08:39:08.929+0000] {processor.py:840} INFO - DAG(s) 'etl_arsenalfc' retrieved from /opt/airflow/dags/ArsenalDag.py
[2025-03-29T08:39:08.947+0000] {logging_mixin.py:188} INFO - [2025-03-29T08:39:08.947+0000] {dag.py:3047} INFO - Sync 1 DAGs
[2025-03-29T08:39:08.999+0000] {processor.py:183} INFO - Processing /opt/airflow/dags/ArsenalDag.py took 0.096 seconds
[2025-03-29T08:39:19.085+0000] {processor.py:161} INFO - Started process (PID=239) to work on /opt/airflow/dags/ArsenalDag.py
[2025-03-29T08:39:19.086+0000] {processor.py:830} INFO - Processing file /opt/airflow/dags/ArsenalDag.py for tasks to queue
[2025-03-29T08:39:19.088+0000] {logging_mixin.py:188} INFO - [2025-03-29T08:39:19.087+0000] {dagbag.py:540} INFO - Filling up the DagBag from /opt/airflow/dags/ArsenalDag.py
[2025-03-29T08:39:19.108+0000] {processor.py:840} INFO - DAG(s) 'etl_arsenalfc' retrieved from /opt/airflow/dags/ArsenalDag.py
[2025-03-29T08:39:19.129+0000] {logging_mixin.py:188} INFO - [2025-03-29T08:39:19.129+0000] {dag.py:3047} INFO - Sync 1 DAGs
[2025-03-29T08:39:19.191+0000] {processor.py:183} INFO - Processing /opt/airflow/dags/ArsenalDag.py took 0.112 seconds
[2025-03-29T08:39:29.285+0000] {processor.py:161} INFO - Started process (PID=244) to work on /opt/airflow/dags/ArsenalDag.py
[2025-03-29T08:39:29.295+0000] {processor.py:830} INFO - Processing file /opt/airflow/dags/ArsenalDag.py for tasks to queue
[2025-03-29T08:39:29.297+0000] {logging_mixin.py:188} INFO - [2025-03-29T08:39:29.296+0000] {dagbag.py:540} INFO - Filling up the DagBag from /opt/airflow/dags/ArsenalDag.py
[2025-03-29T08:39:29.321+0000] {processor.py:840} INFO - DAG(s) 'etl_arsenalfc' retrieved from /opt/airflow/dags/ArsenalDag.py
[2025-03-29T08:39:29.680+0000] {logging_mixin.py:188} INFO - [2025-03-29T08:39:29.679+0000] {dag.py:3047} INFO - Sync 1 DAGs
[2025-03-29T08:39:29.727+0000] {processor.py:183} INFO - Processing /opt/airflow/dags/ArsenalDag.py took 0.449 seconds
[2025-03-29T08:39:39.821+0000] {processor.py:161} INFO - Started process (PID=249) to work on /opt/airflow/dags/ArsenalDag.py
[2025-03-29T08:39:39.830+0000] {processor.py:830} INFO - Processing file /opt/airflow/dags/ArsenalDag.py for tasks to queue
[2025-03-29T08:39:39.832+0000] {logging_mixin.py:188} INFO - [2025-03-29T08:39:39.831+0000] {dagbag.py:540} INFO - Filling up the DagBag from /opt/airflow/dags/ArsenalDag.py
[2025-03-29T08:39:39.851+0000] {processor.py:840} INFO - DAG(s) 'etl_arsenalfc' retrieved from /opt/airflow/dags/ArsenalDag.py
[2025-03-29T08:39:39.870+0000] {logging_mixin.py:188} INFO - [2025-03-29T08:39:39.870+0000] {dag.py:3047} INFO - Sync 1 DAGs
[2025-03-29T08:39:39.926+0000] {processor.py:183} INFO - Processing /opt/airflow/dags/ArsenalDag.py took 0.110 seconds
[2025-03-29T08:39:50.011+0000] {processor.py:161} INFO - Started process (PID=254) to work on /opt/airflow/dags/ArsenalDag.py
[2025-03-29T08:39:50.020+0000] {processor.py:830} INFO - Processing file /opt/airflow/dags/ArsenalDag.py for tasks to queue
[2025-03-29T08:39:50.022+0000] {logging_mixin.py:188} INFO - [2025-03-29T08:39:50.022+0000] {dagbag.py:540} INFO - Filling up the DagBag from /opt/airflow/dags/ArsenalDag.py
[2025-03-29T08:39:50.044+0000] {processor.py:840} INFO - DAG(s) 'etl_arsenalfc' retrieved from /opt/airflow/dags/ArsenalDag.py
[2025-03-29T08:39:50.067+0000] {logging_mixin.py:188} INFO - [2025-03-29T08:39:50.066+0000] {dag.py:3047} INFO - Sync 1 DAGs
[2025-03-29T08:39:50.134+0000] {processor.py:183} INFO - Processing /opt/airflow/dags/ArsenalDag.py took 0.128 seconds
[2025-03-29T08:40:00.226+0000] {processor.py:161} INFO - Started process (PID=259) to work on /opt/airflow/dags/ArsenalDag.py
[2025-03-29T08:40:00.228+0000] {processor.py:830} INFO - Processing file /opt/airflow/dags/ArsenalDag.py for tasks to queue
[2025-03-29T08:40:00.229+0000] {logging_mixin.py:188} INFO - [2025-03-29T08:40:00.229+0000] {dagbag.py:540} INFO - Filling up the DagBag from /opt/airflow/dags/ArsenalDag.py
[2025-03-29T08:40:00.252+0000] {processor.py:840} INFO - DAG(s) 'etl_arsenalfc' retrieved from /opt/airflow/dags/ArsenalDag.py
[2025-03-29T08:40:00.294+0000] {logging_mixin.py:188} INFO - [2025-03-29T08:40:00.294+0000] {dag.py:3047} INFO - Sync 1 DAGs
[2025-03-29T08:40:00.369+0000] {processor.py:183} INFO - Processing /opt/airflow/dags/ArsenalDag.py took 0.149 seconds
[2025-03-29T08:40:10.473+0000] {processor.py:161} INFO - Started process (PID=264) to work on /opt/airflow/dags/ArsenalDag.py
[2025-03-29T08:40:10.476+0000] {processor.py:830} INFO - Processing file /opt/airflow/dags/ArsenalDag.py for tasks to queue
[2025-03-29T08:40:10.478+0000] {logging_mixin.py:188} INFO - [2025-03-29T08:40:10.478+0000] {dagbag.py:540} INFO - Filling up the DagBag from /opt/airflow/dags/ArsenalDag.py
[2025-03-29T08:40:10.508+0000] {processor.py:840} INFO - DAG(s) 'etl_arsenalfc' retrieved from /opt/airflow/dags/ArsenalDag.py
[2025-03-29T08:40:10.573+0000] {logging_mixin.py:188} INFO - [2025-03-29T08:40:10.572+0000] {dag.py:3047} INFO - Sync 1 DAGs
[2025-03-29T08:40:10.658+0000] {processor.py:183} INFO - Processing /opt/airflow/dags/ArsenalDag.py took 0.193 seconds
[2025-03-29T08:40:20.748+0000] {processor.py:161} INFO - Started process (PID=269) to work on /opt/airflow/dags/ArsenalDag.py
[2025-03-29T08:40:20.757+0000] {processor.py:830} INFO - Processing file /opt/airflow/dags/ArsenalDag.py for tasks to queue
[2025-03-29T08:40:20.759+0000] {logging_mixin.py:188} INFO - [2025-03-29T08:40:20.758+0000] {dagbag.py:540} INFO - Filling up the DagBag from /opt/airflow/dags/ArsenalDag.py
[2025-03-29T08:40:20.779+0000] {processor.py:840} INFO - DAG(s) 'etl_arsenalfc' retrieved from /opt/airflow/dags/ArsenalDag.py
[2025-03-29T08:40:20.821+0000] {logging_mixin.py:188} INFO - [2025-03-29T08:40:20.820+0000] {dag.py:3047} INFO - Sync 1 DAGs
[2025-03-29T08:40:20.891+0000] {processor.py:183} INFO - Processing /opt/airflow/dags/ArsenalDag.py took 0.149 seconds
[2025-03-29T08:40:30.977+0000] {processor.py:161} INFO - Started process (PID=274) to work on /opt/airflow/dags/ArsenalDag.py
[2025-03-29T08:40:30.986+0000] {processor.py:830} INFO - Processing file /opt/airflow/dags/ArsenalDag.py for tasks to queue
[2025-03-29T08:40:30.988+0000] {logging_mixin.py:188} INFO - [2025-03-29T08:40:30.987+0000] {dagbag.py:540} INFO - Filling up the DagBag from /opt/airflow/dags/ArsenalDag.py
[2025-03-29T08:40:31.011+0000] {processor.py:840} INFO - DAG(s) 'etl_arsenalfc' retrieved from /opt/airflow/dags/ArsenalDag.py
[2025-03-29T08:40:31.052+0000] {logging_mixin.py:188} INFO - [2025-03-29T08:40:31.052+0000] {dag.py:3047} INFO - Sync 1 DAGs
[2025-03-29T08:40:31.120+0000] {processor.py:183} INFO - Processing /opt/airflow/dags/ArsenalDag.py took 0.148 seconds
[2025-03-29T08:40:41.187+0000] {processor.py:161} INFO - Started process (PID=279) to work on /opt/airflow/dags/ArsenalDag.py
[2025-03-29T08:40:41.196+0000] {processor.py:830} INFO - Processing file /opt/airflow/dags/ArsenalDag.py for tasks to queue
[2025-03-29T08:40:41.197+0000] {logging_mixin.py:188} INFO - [2025-03-29T08:40:41.196+0000] {dagbag.py:540} INFO - Filling up the DagBag from /opt/airflow/dags/ArsenalDag.py
[2025-03-29T08:40:41.207+0000] {processor.py:840} INFO - DAG(s) 'etl_arsenalfc' retrieved from /opt/airflow/dags/ArsenalDag.py
[2025-03-29T08:40:41.217+0000] {logging_mixin.py:188} INFO - [2025-03-29T08:40:41.217+0000] {dag.py:3047} INFO - Sync 1 DAGs
[2025-03-29T08:40:41.246+0000] {processor.py:183} INFO - Processing /opt/airflow/dags/ArsenalDag.py took 0.061 seconds
[2025-03-29T08:40:51.312+0000] {processor.py:161} INFO - Started process (PID=284) to work on /opt/airflow/dags/ArsenalDag.py
[2025-03-29T08:40:51.314+0000] {processor.py:830} INFO - Processing file /opt/airflow/dags/ArsenalDag.py for tasks to queue
[2025-03-29T08:40:51.315+0000] {logging_mixin.py:188} INFO - [2025-03-29T08:40:51.315+0000] {dagbag.py:540} INFO - Filling up the DagBag from /opt/airflow/dags/ArsenalDag.py
[2025-03-29T08:40:51.338+0000] {processor.py:840} INFO - DAG(s) 'etl_arsenalfc' retrieved from /opt/airflow/dags/ArsenalDag.py
[2025-03-29T08:40:51.359+0000] {logging_mixin.py:188} INFO - [2025-03-29T08:40:51.359+0000] {dag.py:3047} INFO - Sync 1 DAGs
[2025-03-29T08:40:51.418+0000] {processor.py:183} INFO - Processing /opt/airflow/dags/ArsenalDag.py took 0.110 seconds
[2025-03-29T08:41:01.500+0000] {processor.py:161} INFO - Started process (PID=303) to work on /opt/airflow/dags/ArsenalDag.py
[2025-03-29T08:41:01.509+0000] {processor.py:830} INFO - Processing file /opt/airflow/dags/ArsenalDag.py for tasks to queue
[2025-03-29T08:41:01.511+0000] {logging_mixin.py:188} INFO - [2025-03-29T08:41:01.510+0000] {dagbag.py:540} INFO - Filling up the DagBag from /opt/airflow/dags/ArsenalDag.py
[2025-03-29T08:41:01.531+0000] {processor.py:840} INFO - DAG(s) 'etl_arsenalfc' retrieved from /opt/airflow/dags/ArsenalDag.py
[2025-03-29T08:41:01.550+0000] {logging_mixin.py:188} INFO - [2025-03-29T08:41:01.550+0000] {dag.py:3047} INFO - Sync 1 DAGs
[2025-03-29T08:41:01.613+0000] {processor.py:183} INFO - Processing /opt/airflow/dags/ArsenalDag.py took 0.118 seconds
[2025-03-29T08:41:11.695+0000] {processor.py:161} INFO - Started process (PID=308) to work on /opt/airflow/dags/ArsenalDag.py
[2025-03-29T08:41:11.704+0000] {processor.py:830} INFO - Processing file /opt/airflow/dags/ArsenalDag.py for tasks to queue
[2025-03-29T08:41:11.706+0000] {logging_mixin.py:188} INFO - [2025-03-29T08:41:11.706+0000] {dagbag.py:540} INFO - Filling up the DagBag from /opt/airflow/dags/ArsenalDag.py
[2025-03-29T08:41:11.725+0000] {processor.py:840} INFO - DAG(s) 'etl_arsenalfc' retrieved from /opt/airflow/dags/ArsenalDag.py
[2025-03-29T08:41:11.889+0000] {logging_mixin.py:188} INFO - [2025-03-29T08:41:11.889+0000] {dag.py:3047} INFO - Sync 1 DAGs
[2025-03-29T08:41:11.942+0000] {processor.py:183} INFO - Processing /opt/airflow/dags/ArsenalDag.py took 0.252 seconds
[2025-03-29T08:41:22.027+0000] {processor.py:161} INFO - Started process (PID=313) to work on /opt/airflow/dags/ArsenalDag.py
[2025-03-29T08:41:22.036+0000] {processor.py:830} INFO - Processing file /opt/airflow/dags/ArsenalDag.py for tasks to queue
[2025-03-29T08:41:22.037+0000] {logging_mixin.py:188} INFO - [2025-03-29T08:41:22.037+0000] {dagbag.py:540} INFO - Filling up the DagBag from /opt/airflow/dags/ArsenalDag.py
[2025-03-29T08:41:22.057+0000] {processor.py:840} INFO - DAG(s) 'etl_arsenalfc' retrieved from /opt/airflow/dags/ArsenalDag.py
[2025-03-29T08:41:22.077+0000] {logging_mixin.py:188} INFO - [2025-03-29T08:41:22.077+0000] {dag.py:3047} INFO - Sync 1 DAGs
[2025-03-29T08:41:22.133+0000] {processor.py:183} INFO - Processing /opt/airflow/dags/ArsenalDag.py took 0.112 seconds
[2025-03-29T08:41:32.208+0000] {processor.py:161} INFO - Started process (PID=336) to work on /opt/airflow/dags/ArsenalDag.py
[2025-03-29T08:41:32.218+0000] {processor.py:830} INFO - Processing file /opt/airflow/dags/ArsenalDag.py for tasks to queue
[2025-03-29T08:41:32.220+0000] {logging_mixin.py:188} INFO - [2025-03-29T08:41:32.219+0000] {dagbag.py:540} INFO - Filling up the DagBag from /opt/airflow/dags/ArsenalDag.py
[2025-03-29T08:41:32.241+0000] {processor.py:840} INFO - DAG(s) 'etl_arsenalfc' retrieved from /opt/airflow/dags/ArsenalDag.py
[2025-03-29T08:41:32.262+0000] {logging_mixin.py:188} INFO - [2025-03-29T08:41:32.262+0000] {dag.py:3047} INFO - Sync 1 DAGs
[2025-03-29T08:41:32.326+0000] {processor.py:183} INFO - Processing /opt/airflow/dags/ArsenalDag.py took 0.123 seconds
[2025-03-29T08:41:42.408+0000] {processor.py:161} INFO - Started process (PID=341) to work on /opt/airflow/dags/ArsenalDag.py
[2025-03-29T08:41:42.418+0000] {processor.py:830} INFO - Processing file /opt/airflow/dags/ArsenalDag.py for tasks to queue
[2025-03-29T08:41:42.419+0000] {logging_mixin.py:188} INFO - [2025-03-29T08:41:42.419+0000] {dagbag.py:540} INFO - Filling up the DagBag from /opt/airflow/dags/ArsenalDag.py
[2025-03-29T08:41:42.441+0000] {processor.py:840} INFO - DAG(s) 'etl_arsenalfc' retrieved from /opt/airflow/dags/ArsenalDag.py
[2025-03-29T08:41:42.481+0000] {logging_mixin.py:188} INFO - [2025-03-29T08:41:42.481+0000] {dag.py:3047} INFO - Sync 1 DAGs
[2025-03-29T08:41:42.545+0000] {processor.py:183} INFO - Processing /opt/airflow/dags/ArsenalDag.py took 0.143 seconds
[2025-03-29T08:41:52.627+0000] {processor.py:161} INFO - Started process (PID=346) to work on /opt/airflow/dags/ArsenalDag.py
[2025-03-29T08:41:52.635+0000] {processor.py:830} INFO - Processing file /opt/airflow/dags/ArsenalDag.py for tasks to queue
[2025-03-29T08:41:52.636+0000] {logging_mixin.py:188} INFO - [2025-03-29T08:41:52.636+0000] {dagbag.py:540} INFO - Filling up the DagBag from /opt/airflow/dags/ArsenalDag.py
[2025-03-29T08:41:52.657+0000] {processor.py:840} INFO - DAG(s) 'etl_arsenalfc' retrieved from /opt/airflow/dags/ArsenalDag.py
[2025-03-29T08:41:52.701+0000] {logging_mixin.py:188} INFO - [2025-03-29T08:41:52.700+0000] {dag.py:3047} INFO - Sync 1 DAGs
[2025-03-29T08:41:52.763+0000] {processor.py:183} INFO - Processing /opt/airflow/dags/ArsenalDag.py took 0.142 seconds
[2025-03-29T08:42:02.853+0000] {processor.py:161} INFO - Started process (PID=351) to work on /opt/airflow/dags/ArsenalDag.py
[2025-03-29T08:42:02.854+0000] {processor.py:830} INFO - Processing file /opt/airflow/dags/ArsenalDag.py for tasks to queue
[2025-03-29T08:42:02.855+0000] {logging_mixin.py:188} INFO - [2025-03-29T08:42:02.855+0000] {dagbag.py:540} INFO - Filling up the DagBag from /opt/airflow/dags/ArsenalDag.py
[2025-03-29T08:42:02.878+0000] {processor.py:840} INFO - DAG(s) 'etl_arsenalfc' retrieved from /opt/airflow/dags/ArsenalDag.py
[2025-03-29T08:42:02.919+0000] {logging_mixin.py:188} INFO - [2025-03-29T08:42:02.919+0000] {dag.py:3047} INFO - Sync 1 DAGs
[2025-03-29T08:42:02.998+0000] {processor.py:183} INFO - Processing /opt/airflow/dags/ArsenalDag.py took 0.151 seconds
[2025-03-29T08:42:13.086+0000] {processor.py:161} INFO - Started process (PID=356) to work on /opt/airflow/dags/ArsenalDag.py
[2025-03-29T08:42:13.087+0000] {processor.py:830} INFO - Processing file /opt/airflow/dags/ArsenalDag.py for tasks to queue
[2025-03-29T08:42:13.088+0000] {logging_mixin.py:188} INFO - [2025-03-29T08:42:13.088+0000] {dagbag.py:540} INFO - Filling up the DagBag from /opt/airflow/dags/ArsenalDag.py
[2025-03-29T08:42:13.108+0000] {processor.py:840} INFO - DAG(s) 'etl_arsenalfc' retrieved from /opt/airflow/dags/ArsenalDag.py
[2025-03-29T08:42:13.149+0000] {logging_mixin.py:188} INFO - [2025-03-29T08:42:13.149+0000] {dag.py:3047} INFO - Sync 1 DAGs
[2025-03-29T08:42:13.208+0000] {processor.py:183} INFO - Processing /opt/airflow/dags/ArsenalDag.py took 0.128 seconds
[2025-03-29T08:42:23.290+0000] {processor.py:161} INFO - Started process (PID=361) to work on /opt/airflow/dags/ArsenalDag.py
[2025-03-29T08:42:23.299+0000] {processor.py:830} INFO - Processing file /opt/airflow/dags/ArsenalDag.py for tasks to queue
[2025-03-29T08:42:23.300+0000] {logging_mixin.py:188} INFO - [2025-03-29T08:42:23.300+0000] {dagbag.py:540} INFO - Filling up the DagBag from /opt/airflow/dags/ArsenalDag.py
[2025-03-29T08:42:23.321+0000] {processor.py:840} INFO - DAG(s) 'etl_arsenalfc' retrieved from /opt/airflow/dags/ArsenalDag.py
[2025-03-29T08:42:23.362+0000] {logging_mixin.py:188} INFO - [2025-03-29T08:42:23.362+0000] {dag.py:3047} INFO - Sync 1 DAGs
[2025-03-29T08:42:23.417+0000] {processor.py:183} INFO - Processing /opt/airflow/dags/ArsenalDag.py took 0.132 seconds
[2025-03-29T08:42:33.505+0000] {processor.py:161} INFO - Started process (PID=366) to work on /opt/airflow/dags/ArsenalDag.py
[2025-03-29T08:42:33.507+0000] {processor.py:830} INFO - Processing file /opt/airflow/dags/ArsenalDag.py for tasks to queue
[2025-03-29T08:42:33.508+0000] {logging_mixin.py:188} INFO - [2025-03-29T08:42:33.507+0000] {dagbag.py:540} INFO - Filling up the DagBag from /opt/airflow/dags/ArsenalDag.py
[2025-03-29T08:42:33.528+0000] {processor.py:840} INFO - DAG(s) 'etl_arsenalfc' retrieved from /opt/airflow/dags/ArsenalDag.py
[2025-03-29T08:42:33.570+0000] {logging_mixin.py:188} INFO - [2025-03-29T08:42:33.569+0000] {dag.py:3047} INFO - Sync 1 DAGs
[2025-03-29T08:42:33.630+0000] {processor.py:183} INFO - Processing /opt/airflow/dags/ArsenalDag.py took 0.132 seconds
[2025-03-29T08:42:43.720+0000] {processor.py:161} INFO - Started process (PID=371) to work on /opt/airflow/dags/ArsenalDag.py
[2025-03-29T08:42:43.729+0000] {processor.py:830} INFO - Processing file /opt/airflow/dags/ArsenalDag.py for tasks to queue
[2025-03-29T08:42:43.731+0000] {logging_mixin.py:188} INFO - [2025-03-29T08:42:43.730+0000] {dagbag.py:540} INFO - Filling up the DagBag from /opt/airflow/dags/ArsenalDag.py
[2025-03-29T08:42:43.754+0000] {processor.py:840} INFO - DAG(s) 'etl_arsenalfc' retrieved from /opt/airflow/dags/ArsenalDag.py
[2025-03-29T08:42:43.796+0000] {logging_mixin.py:188} INFO - [2025-03-29T08:42:43.796+0000] {dag.py:3047} INFO - Sync 1 DAGs
[2025-03-29T08:42:43.874+0000] {processor.py:183} INFO - Processing /opt/airflow/dags/ArsenalDag.py took 0.160 seconds
[2025-03-29T08:42:53.969+0000] {processor.py:161} INFO - Started process (PID=376) to work on /opt/airflow/dags/ArsenalDag.py
[2025-03-29T08:42:53.972+0000] {processor.py:830} INFO - Processing file /opt/airflow/dags/ArsenalDag.py for tasks to queue
[2025-03-29T08:42:53.974+0000] {logging_mixin.py:188} INFO - [2025-03-29T08:42:53.973+0000] {dagbag.py:540} INFO - Filling up the DagBag from /opt/airflow/dags/ArsenalDag.py
[2025-03-29T08:42:54.001+0000] {processor.py:840} INFO - DAG(s) 'etl_arsenalfc' retrieved from /opt/airflow/dags/ArsenalDag.py
[2025-03-29T08:42:54.049+0000] {logging_mixin.py:188} INFO - [2025-03-29T08:42:54.048+0000] {dag.py:3047} INFO - Sync 1 DAGs
[2025-03-29T08:42:54.123+0000] {processor.py:183} INFO - Processing /opt/airflow/dags/ArsenalDag.py took 0.161 seconds
[2025-03-29T08:43:04.214+0000] {processor.py:161} INFO - Started process (PID=381) to work on /opt/airflow/dags/ArsenalDag.py
[2025-03-29T08:43:04.224+0000] {processor.py:830} INFO - Processing file /opt/airflow/dags/ArsenalDag.py for tasks to queue
[2025-03-29T08:43:04.225+0000] {logging_mixin.py:188} INFO - [2025-03-29T08:43:04.225+0000] {dagbag.py:540} INFO - Filling up the DagBag from /opt/airflow/dags/ArsenalDag.py
[2025-03-29T08:43:04.246+0000] {processor.py:840} INFO - DAG(s) 'etl_arsenalfc' retrieved from /opt/airflow/dags/ArsenalDag.py
[2025-03-29T08:43:04.290+0000] {logging_mixin.py:188} INFO - [2025-03-29T08:43:04.289+0000] {dag.py:3047} INFO - Sync 1 DAGs
[2025-03-29T08:43:04.352+0000] {processor.py:183} INFO - Processing /opt/airflow/dags/ArsenalDag.py took 0.143 seconds
[2025-03-29T08:43:14.444+0000] {processor.py:161} INFO - Started process (PID=386) to work on /opt/airflow/dags/ArsenalDag.py
[2025-03-29T08:43:14.453+0000] {processor.py:830} INFO - Processing file /opt/airflow/dags/ArsenalDag.py for tasks to queue
[2025-03-29T08:43:14.455+0000] {logging_mixin.py:188} INFO - [2025-03-29T08:43:14.454+0000] {dagbag.py:540} INFO - Filling up the DagBag from /opt/airflow/dags/ArsenalDag.py
[2025-03-29T08:43:14.476+0000] {processor.py:840} INFO - DAG(s) 'etl_arsenalfc' retrieved from /opt/airflow/dags/ArsenalDag.py
[2025-03-29T08:43:14.518+0000] {logging_mixin.py:188} INFO - [2025-03-29T08:43:14.517+0000] {dag.py:3047} INFO - Sync 1 DAGs
[2025-03-29T08:43:14.587+0000] {processor.py:183} INFO - Processing /opt/airflow/dags/ArsenalDag.py took 0.149 seconds
[2025-03-29T08:43:24.683+0000] {processor.py:161} INFO - Started process (PID=391) to work on /opt/airflow/dags/ArsenalDag.py
[2025-03-29T08:43:24.696+0000] {processor.py:830} INFO - Processing file /opt/airflow/dags/ArsenalDag.py for tasks to queue
[2025-03-29T08:43:24.697+0000] {logging_mixin.py:188} INFO - [2025-03-29T08:43:24.697+0000] {dagbag.py:540} INFO - Filling up the DagBag from /opt/airflow/dags/ArsenalDag.py
[2025-03-29T08:43:24.720+0000] {processor.py:840} INFO - DAG(s) 'etl_arsenalfc' retrieved from /opt/airflow/dags/ArsenalDag.py
[2025-03-29T08:43:24.760+0000] {logging_mixin.py:188} INFO - [2025-03-29T08:43:24.760+0000] {dag.py:3047} INFO - Sync 1 DAGs
[2025-03-29T08:43:24.831+0000] {processor.py:183} INFO - Processing /opt/airflow/dags/ArsenalDag.py took 0.154 seconds
[2025-03-29T08:43:34.922+0000] {processor.py:161} INFO - Started process (PID=396) to work on /opt/airflow/dags/ArsenalDag.py
[2025-03-29T08:43:34.928+0000] {processor.py:830} INFO - Processing file /opt/airflow/dags/ArsenalDag.py for tasks to queue
[2025-03-29T08:43:34.930+0000] {logging_mixin.py:188} INFO - [2025-03-29T08:43:34.929+0000] {dagbag.py:540} INFO - Filling up the DagBag from /opt/airflow/dags/ArsenalDag.py
[2025-03-29T08:43:34.951+0000] {processor.py:840} INFO - DAG(s) 'etl_arsenalfc' retrieved from /opt/airflow/dags/ArsenalDag.py
[2025-03-29T08:43:34.992+0000] {logging_mixin.py:188} INFO - [2025-03-29T08:43:34.992+0000] {dag.py:3047} INFO - Sync 1 DAGs
[2025-03-29T08:43:35.054+0000] {processor.py:183} INFO - Processing /opt/airflow/dags/ArsenalDag.py took 0.138 seconds
[2025-03-29T08:43:45.142+0000] {processor.py:161} INFO - Started process (PID=401) to work on /opt/airflow/dags/ArsenalDag.py
[2025-03-29T08:43:45.152+0000] {processor.py:830} INFO - Processing file /opt/airflow/dags/ArsenalDag.py for tasks to queue
[2025-03-29T08:43:45.153+0000] {logging_mixin.py:188} INFO - [2025-03-29T08:43:45.153+0000] {dagbag.py:540} INFO - Filling up the DagBag from /opt/airflow/dags/ArsenalDag.py
[2025-03-29T08:43:45.175+0000] {processor.py:840} INFO - DAG(s) 'etl_arsenalfc' retrieved from /opt/airflow/dags/ArsenalDag.py
[2025-03-29T08:43:45.219+0000] {logging_mixin.py:188} INFO - [2025-03-29T08:43:45.218+0000] {dag.py:3047} INFO - Sync 1 DAGs
[2025-03-29T08:43:45.284+0000] {processor.py:183} INFO - Processing /opt/airflow/dags/ArsenalDag.py took 0.148 seconds
[2025-03-29T08:43:55.378+0000] {processor.py:161} INFO - Started process (PID=406) to work on /opt/airflow/dags/ArsenalDag.py
[2025-03-29T08:43:55.387+0000] {processor.py:830} INFO - Processing file /opt/airflow/dags/ArsenalDag.py for tasks to queue
[2025-03-29T08:43:55.389+0000] {logging_mixin.py:188} INFO - [2025-03-29T08:43:55.389+0000] {dagbag.py:540} INFO - Filling up the DagBag from /opt/airflow/dags/ArsenalDag.py
[2025-03-29T08:43:55.410+0000] {processor.py:840} INFO - DAG(s) 'etl_arsenalfc' retrieved from /opt/airflow/dags/ArsenalDag.py
[2025-03-29T08:43:55.451+0000] {logging_mixin.py:188} INFO - [2025-03-29T08:43:55.451+0000] {dag.py:3047} INFO - Sync 1 DAGs
[2025-03-29T08:43:55.517+0000] {processor.py:183} INFO - Processing /opt/airflow/dags/ArsenalDag.py took 0.145 seconds
[2025-03-29T08:44:05.601+0000] {processor.py:161} INFO - Started process (PID=500) to work on /opt/airflow/dags/ArsenalDag.py
[2025-03-29T08:44:05.602+0000] {processor.py:830} INFO - Processing file /opt/airflow/dags/ArsenalDag.py for tasks to queue
[2025-03-29T08:44:05.604+0000] {logging_mixin.py:188} INFO - [2025-03-29T08:44:05.603+0000] {dagbag.py:540} INFO - Filling up the DagBag from /opt/airflow/dags/ArsenalDag.py
[2025-03-29T08:44:05.626+0000] {processor.py:840} INFO - DAG(s) 'etl_arsenalfc' retrieved from /opt/airflow/dags/ArsenalDag.py
[2025-03-29T08:44:05.671+0000] {logging_mixin.py:188} INFO - [2025-03-29T08:44:05.671+0000] {dag.py:3047} INFO - Sync 1 DAGs
[2025-03-29T08:44:05.740+0000] {processor.py:183} INFO - Processing /opt/airflow/dags/ArsenalDag.py took 0.144 seconds
[2025-03-29T08:44:15.828+0000] {processor.py:161} INFO - Started process (PID=512) to work on /opt/airflow/dags/ArsenalDag.py
[2025-03-29T08:44:15.829+0000] {processor.py:830} INFO - Processing file /opt/airflow/dags/ArsenalDag.py for tasks to queue
[2025-03-29T08:44:15.831+0000] {logging_mixin.py:188} INFO - [2025-03-29T08:44:15.830+0000] {dagbag.py:540} INFO - Filling up the DagBag from /opt/airflow/dags/ArsenalDag.py
[2025-03-29T08:44:15.854+0000] {processor.py:840} INFO - DAG(s) 'etl_arsenalfc' retrieved from /opt/airflow/dags/ArsenalDag.py
[2025-03-29T08:44:15.894+0000] {logging_mixin.py:188} INFO - [2025-03-29T08:44:15.894+0000] {dag.py:3047} INFO - Sync 1 DAGs
[2025-03-29T08:44:15.951+0000] {processor.py:183} INFO - Processing /opt/airflow/dags/ArsenalDag.py took 0.128 seconds
[2025-03-29T08:44:26.033+0000] {processor.py:161} INFO - Started process (PID=517) to work on /opt/airflow/dags/ArsenalDag.py
[2025-03-29T08:44:26.043+0000] {processor.py:830} INFO - Processing file /opt/airflow/dags/ArsenalDag.py for tasks to queue
[2025-03-29T08:44:26.044+0000] {logging_mixin.py:188} INFO - [2025-03-29T08:44:26.044+0000] {dagbag.py:540} INFO - Filling up the DagBag from /opt/airflow/dags/ArsenalDag.py
[2025-03-29T08:44:26.065+0000] {processor.py:840} INFO - DAG(s) 'etl_arsenalfc' retrieved from /opt/airflow/dags/ArsenalDag.py
[2025-03-29T08:44:26.104+0000] {logging_mixin.py:188} INFO - [2025-03-29T08:44:26.103+0000] {dag.py:3047} INFO - Sync 1 DAGs
[2025-03-29T08:44:26.168+0000] {processor.py:183} INFO - Processing /opt/airflow/dags/ArsenalDag.py took 0.140 seconds
[2025-03-29T08:44:36.248+0000] {processor.py:161} INFO - Started process (PID=522) to work on /opt/airflow/dags/ArsenalDag.py
[2025-03-29T08:44:36.257+0000] {processor.py:830} INFO - Processing file /opt/airflow/dags/ArsenalDag.py for tasks to queue
[2025-03-29T08:44:36.258+0000] {logging_mixin.py:188} INFO - [2025-03-29T08:44:36.258+0000] {dagbag.py:540} INFO - Filling up the DagBag from /opt/airflow/dags/ArsenalDag.py
[2025-03-29T08:44:36.276+0000] {processor.py:840} INFO - DAG(s) 'etl_arsenalfc' retrieved from /opt/airflow/dags/ArsenalDag.py
[2025-03-29T08:44:36.313+0000] {logging_mixin.py:188} INFO - [2025-03-29T08:44:36.312+0000] {dag.py:3047} INFO - Sync 1 DAGs
[2025-03-29T08:44:36.364+0000] {processor.py:183} INFO - Processing /opt/airflow/dags/ArsenalDag.py took 0.121 seconds
[2025-03-29T08:44:46.442+0000] {processor.py:161} INFO - Started process (PID=527) to work on /opt/airflow/dags/ArsenalDag.py
[2025-03-29T08:44:46.451+0000] {processor.py:830} INFO - Processing file /opt/airflow/dags/ArsenalDag.py for tasks to queue
[2025-03-29T08:44:46.453+0000] {logging_mixin.py:188} INFO - [2025-03-29T08:44:46.452+0000] {dagbag.py:540} INFO - Filling up the DagBag from /opt/airflow/dags/ArsenalDag.py
[2025-03-29T08:44:46.472+0000] {processor.py:840} INFO - DAG(s) 'etl_arsenalfc' retrieved from /opt/airflow/dags/ArsenalDag.py
[2025-03-29T08:44:46.508+0000] {logging_mixin.py:188} INFO - [2025-03-29T08:44:46.507+0000] {dag.py:3047} INFO - Sync 1 DAGs
[2025-03-29T08:44:46.559+0000] {processor.py:183} INFO - Processing /opt/airflow/dags/ArsenalDag.py took 0.121 seconds
[2025-03-29T08:44:56.649+0000] {processor.py:161} INFO - Started process (PID=532) to work on /opt/airflow/dags/ArsenalDag.py
[2025-03-29T08:44:56.658+0000] {processor.py:830} INFO - Processing file /opt/airflow/dags/ArsenalDag.py for tasks to queue
[2025-03-29T08:44:56.661+0000] {logging_mixin.py:188} INFO - [2025-03-29T08:44:56.660+0000] {dagbag.py:540} INFO - Filling up the DagBag from /opt/airflow/dags/ArsenalDag.py
[2025-03-29T08:44:56.686+0000] {processor.py:840} INFO - DAG(s) 'etl_arsenalfc' retrieved from /opt/airflow/dags/ArsenalDag.py
[2025-03-29T08:44:56.736+0000] {logging_mixin.py:188} INFO - [2025-03-29T08:44:56.735+0000] {dag.py:3047} INFO - Sync 1 DAGs
[2025-03-29T08:44:56.813+0000] {processor.py:183} INFO - Processing /opt/airflow/dags/ArsenalDag.py took 0.171 seconds
[2025-03-29T08:45:06.906+0000] {processor.py:161} INFO - Started process (PID=537) to work on /opt/airflow/dags/ArsenalDag.py
[2025-03-29T08:45:06.917+0000] {processor.py:830} INFO - Processing file /opt/airflow/dags/ArsenalDag.py for tasks to queue
[2025-03-29T08:45:06.919+0000] {logging_mixin.py:188} INFO - [2025-03-29T08:45:06.918+0000] {dagbag.py:540} INFO - Filling up the DagBag from /opt/airflow/dags/ArsenalDag.py
[2025-03-29T08:45:06.938+0000] {processor.py:840} INFO - DAG(s) 'etl_arsenalfc' retrieved from /opt/airflow/dags/ArsenalDag.py
[2025-03-29T08:45:06.979+0000] {logging_mixin.py:188} INFO - [2025-03-29T08:45:06.979+0000] {dag.py:3047} INFO - Sync 1 DAGs
[2025-03-29T08:45:07.044+0000] {processor.py:183} INFO - Processing /opt/airflow/dags/ArsenalDag.py took 0.143 seconds
[2025-03-29T08:45:17.130+0000] {processor.py:161} INFO - Started process (PID=542) to work on /opt/airflow/dags/ArsenalDag.py
[2025-03-29T08:45:17.139+0000] {processor.py:830} INFO - Processing file /opt/airflow/dags/ArsenalDag.py for tasks to queue
[2025-03-29T08:45:17.141+0000] {logging_mixin.py:188} INFO - [2025-03-29T08:45:17.141+0000] {dagbag.py:540} INFO - Filling up the DagBag from /opt/airflow/dags/ArsenalDag.py
[2025-03-29T08:45:17.160+0000] {processor.py:840} INFO - DAG(s) 'etl_arsenalfc' retrieved from /opt/airflow/dags/ArsenalDag.py
[2025-03-29T08:45:17.196+0000] {logging_mixin.py:188} INFO - [2025-03-29T08:45:17.195+0000] {dag.py:3047} INFO - Sync 1 DAGs
[2025-03-29T08:45:17.252+0000] {processor.py:183} INFO - Processing /opt/airflow/dags/ArsenalDag.py took 0.126 seconds
[2025-03-29T08:45:27.335+0000] {processor.py:161} INFO - Started process (PID=547) to work on /opt/airflow/dags/ArsenalDag.py
[2025-03-29T08:45:27.344+0000] {processor.py:830} INFO - Processing file /opt/airflow/dags/ArsenalDag.py for tasks to queue
[2025-03-29T08:45:27.346+0000] {logging_mixin.py:188} INFO - [2025-03-29T08:45:27.345+0000] {dagbag.py:540} INFO - Filling up the DagBag from /opt/airflow/dags/ArsenalDag.py
[2025-03-29T08:45:27.365+0000] {processor.py:840} INFO - DAG(s) 'etl_arsenalfc' retrieved from /opt/airflow/dags/ArsenalDag.py
[2025-03-29T08:45:27.402+0000] {logging_mixin.py:188} INFO - [2025-03-29T08:45:27.401+0000] {dag.py:3047} INFO - Sync 1 DAGs
[2025-03-29T08:45:27.460+0000] {processor.py:183} INFO - Processing /opt/airflow/dags/ArsenalDag.py took 0.129 seconds
[2025-03-29T08:45:37.542+0000] {processor.py:161} INFO - Started process (PID=552) to work on /opt/airflow/dags/ArsenalDag.py
[2025-03-29T08:45:37.551+0000] {processor.py:830} INFO - Processing file /opt/airflow/dags/ArsenalDag.py for tasks to queue
[2025-03-29T08:45:37.553+0000] {logging_mixin.py:188} INFO - [2025-03-29T08:45:37.552+0000] {dagbag.py:540} INFO - Filling up the DagBag from /opt/airflow/dags/ArsenalDag.py
[2025-03-29T08:45:37.573+0000] {processor.py:840} INFO - DAG(s) 'etl_arsenalfc' retrieved from /opt/airflow/dags/ArsenalDag.py
[2025-03-29T08:45:37.610+0000] {logging_mixin.py:188} INFO - [2025-03-29T08:45:37.610+0000] {dag.py:3047} INFO - Sync 1 DAGs
[2025-03-29T08:45:37.679+0000] {processor.py:183} INFO - Processing /opt/airflow/dags/ArsenalDag.py took 0.141 seconds
[2025-03-29T08:45:47.764+0000] {processor.py:161} INFO - Started process (PID=557) to work on /opt/airflow/dags/ArsenalDag.py
[2025-03-29T08:45:47.773+0000] {processor.py:830} INFO - Processing file /opt/airflow/dags/ArsenalDag.py for tasks to queue
[2025-03-29T08:45:47.775+0000] {logging_mixin.py:188} INFO - [2025-03-29T08:45:47.774+0000] {dagbag.py:540} INFO - Filling up the DagBag from /opt/airflow/dags/ArsenalDag.py
[2025-03-29T08:45:47.795+0000] {processor.py:840} INFO - DAG(s) 'etl_arsenalfc' retrieved from /opt/airflow/dags/ArsenalDag.py
[2025-03-29T08:45:47.834+0000] {logging_mixin.py:188} INFO - [2025-03-29T08:45:47.833+0000] {dag.py:3047} INFO - Sync 1 DAGs
[2025-03-29T08:45:47.899+0000] {processor.py:183} INFO - Processing /opt/airflow/dags/ArsenalDag.py took 0.141 seconds
[2025-03-29T08:45:57.982+0000] {processor.py:161} INFO - Started process (PID=562) to work on /opt/airflow/dags/ArsenalDag.py
[2025-03-29T08:45:57.983+0000] {processor.py:830} INFO - Processing file /opt/airflow/dags/ArsenalDag.py for tasks to queue
[2025-03-29T08:45:57.985+0000] {logging_mixin.py:188} INFO - [2025-03-29T08:45:57.984+0000] {dagbag.py:540} INFO - Filling up the DagBag from /opt/airflow/dags/ArsenalDag.py
[2025-03-29T08:45:58.004+0000] {processor.py:840} INFO - DAG(s) 'etl_arsenalfc' retrieved from /opt/airflow/dags/ArsenalDag.py
[2025-03-29T08:45:58.041+0000] {logging_mixin.py:188} INFO - [2025-03-29T08:45:58.040+0000] {dag.py:3047} INFO - Sync 1 DAGs
[2025-03-29T08:45:58.108+0000] {processor.py:183} INFO - Processing /opt/airflow/dags/ArsenalDag.py took 0.130 seconds
